GTMod: Preload-Phase started!
GTMod: Getting required Items of other Mods.
GTMod: Setting Configs
GTMod: Downloading Cape List
GTMod: Adding Scrap with a Weight of 200.0F to the Scrapbox Drops.
GTMod: Register Ore processing.
GTMod: Register OreDict Entries of Non-GT-Items.
GTMod: Loading Item Data Tags
GTMod: Register Books.
GTMod: Added Book to Book List  -  Mapping: 'Manual_Printer'  -  Name: 'Printer Manual V2.0'  -  Author: 'Gregorius Techneticies'
GTMod: Added Book to Book List  -  Mapping: 'Manual_Punch_Cards'  -  Name: 'Punch Card Manual V0.0'  -  Author: 'Gregorius Techneticies'
GTMod: Added Book to Book List  -  Mapping: 'Manual_Microwave'  -  Name: 'Microwave Oven Manual'  -  Author: 'Kitchen Industries'
GTMod: Register Items.
GTMod: Adding Blocks.
GTMod: Register TileEntities.
GTMod: Registering the BaseMetaTileEntity.
GTMod: Registering the DroneRender.
GTMod: Registering the LaserRender.
GTMod: Registering the WormholeRender.
GTMod: Registering the BlackholeRender.
GTMod: Registering the NanoForgeRender.
GTMod: Registering the BaseMetaPipeEntity.
GTMod: Registering the Ore TileEntity.
GTMod: Registering Fluids.
GTMod: Hiding certain Items from NEI.
GTMod: Registering MetaTileEntities.
Invalid cape mapping: 
Invalid cape mapping: 
GTMod: Register Redstone Circuit behaviours.
GTMod: Preload-Phase finished!
GTMod: Beginning Load-Phase.
GTMod: Recipes for MetaTileEntities.
GTMod: Scanning for certain kinds of compatible Machineblocks.
GTMod: Registering various Tools to be usable on GregTech Machines
GTMod: Adding Food Recipes to the Automatic Canning Machine. (also during the following Item Iteration)
GTMod: Scanning ItemList.
GTMod: Registered valid BC Wrench: item.standardWrench
GTMod: Registered valid RC Crowbar: item.railcraft.tool.crowbar
GTMod: Registered valid RC Crowbar: item.railcraft.tool.crowbar.reinforced
GTMod: Registered valid RC Crowbar: item.railcraft.tool.crowbar.magic
GTMod: Registered valid RC Crowbar: item.railcraft.tool.crowbar.void
GTMod: Registered valid BC Wrench: item.nanotool
GTMod: Registered valid BC Wrench: item.graviTool
GTMod: Re-Unificating Recipes.
GTMod: Initializing various Fuels.
GTMod: Load-Phase finished!
Core-Mod: Register OreDict Entries of Non-GT-Items.
Unknown Key for Unification, Typo? sand
Unknown Key for Unification, Typo? itemWheat
Unknown Key for Unification, Typo? treeSapling
Unknown Key for Unification, Typo? drawerBasic
Unknown Key for Unification, Typo? wireFineHypogen
Unknown Key for Unification, Typo? sand
GTMod: Replacing Railcraft recipes with slightly more Oredicted variants
Unknown Key for Unification, Typo? sand
Unknown Key for Unification, Typo? itemWheat
Unknown Key for Unification, Typo? wireGt02Hypogen
Unknown Key for Unification, Typo? wireGt01Hypogen
Unknown Key for Unification, Typo? cableGt04NaquadahAlloy
Unknown Key for Unification, Typo? cableGt04NaquadahAlloy
Unknown Key for Unification, Typo? fuelCoke
Unknown Key for Unification, Typo? fuelCoke
Unknown Key for Unification, Typo? fuelCoke
Unknown Key for Unification, Typo? cropSeaweed
Unknown Key for Unification, Typo? fuelCoke
Unknown Key for Unification, Typo? fuelCoke
Unknown Key for Unification, Typo? cropSugarbeet
Unknown Key for Unification, Typo? cropSugarbeet
Unknown Key for Unification, Typo? fuelCoke
Initializing GT++ achievements
Sum of chances in mining recipe for main material gt.blockores.2032 is not 100%! This will lead to no issue but might be unintentional
Sum of chances in mining recipe for main material gt.blockores.2032 is not 100%! This will lead to no issue but might be unintentional
Sum of chances in mining recipe for main material gt.blockores.2032 is not 100%! This will lead to no issue but might be unintentional
Sum of chances in mining recipe for main material gt.blockores.2032 is not 100%! This will lead to no issue but might be unintentional
Sum of chances in mining recipe for main material gt.blockores.2032 is not 100%! This will lead to no issue but might be unintentional
Sum of chances in mining recipe for main material gt.blockores.2032 is not 100%! This will lead to no issue but might be unintentional
Sum of chances in mining recipe for main material gt.blockores.2032 is not 100%! This will lead to no issue but might be unintentional
Sum of chances in mining recipe for main material gt.blockores.2502 is not 100%! This will lead to no issue but might be unintentional
Sum of chances in mining recipe for main material gt.blockores.2502 is not 100%! This will lead to no issue but might be unintentional
Sum of chances in mining recipe for main material gt.blockores.2502 is not 100%! This will lead to no issue but might be unintentional
Sum of chances in mining recipe for main material gt.blockores.2502 is not 100%! This will lead to no issue but might be unintentional
Sum of chances in mining recipe for main material gt.blockores.2502 is not 100%! This will lead to no issue but might be unintentional
Sum of chances in mining recipe for main material gt.blockores.2502 is not 100%! This will lead to no issue but might be unintentional
Sum of chances in mining recipe for main material gt.blockores.2901 is not 100%! This will lead to no issue but might be unintentional
Sum of chances in mining recipe for main material gt.blockores.2901 is not 100%! This will lead to no issue but might be unintentional
Sum of chances in mining recipe for main material gt.blockores.2901 is not 100%! This will lead to no issue but might be unintentional
Sum of chances in mining recipe for main material gt.blockores.2901 is not 100%! This will lead to no issue but might be unintentional
GTMod: Beginning PostLoad-Phase.
GTMod: Adding Configs specific for MetaTileEntities
GTMod: Adding Tool Usage Crafting Recipes for OreDict Items.
GTMod: Re-Unificating Recipes.
GTMod: Adding worldgenerated Chest Content.
GTMod: Changing maximum Stacksizes if configured.
GTMod: Adding Stuff to the Recycler Blacklist.
Unknown Key for Unification, Typo? gearSteel
Unknown Key for Unification, Typo? gearAluminium
Unknown Key for Unification, Typo? gearStainlessSteel
Unknown Key for Unification, Typo? gearTitanium
Unknown Key for Unification, Typo? gearTungstenSteel
GTMod: (re-)adding Scrapbox Drops.
GTMod: Register Crops to IC2.
Started Galactic Greg ore gen code
GTMod: Activating OreDictionary Handler, this can take some time, as it scans the whole OreDictionary
GTMod: List of Lists of Tool Recipes: []
GTMod: Vanilla Recipe List -> Outputs null or stackSize <=0: []
GTMod: Single Non Block Damageable Recipe List -> Outputs null or stackSize <=0: []
GTMod: Adding nerfed Vanilla Recipes.
GTMod: Adding Vanilla Convenience Recipes.
GTMod: Adding Tool Recipes.
GTMod: Adding Wool and Color releated Recipes.
GTMod: Putting a Potato on a Stick.
GTMod: Adding Mixed Metal Ingot Recipes.
GTMod: Beginning to add regular Crafting Recipes.
GTMod: Applying harder Recipes for several Blocks.
GTMod: Applying Recipes for Tools
GTMod: Updating Vanilla Wooden Tools
GTMod: Adding buffered Recipes.
GTMod: Saving Lang File.
GTMod: PostLoad-Phase finished!
GTMod: Adding Fake Recipes for NEI
Registering autogenerated achievements from Visual Assembly Line recipe map.
achievement.gt.blockmachines.hatch.input_bus.me=Advanced Stocking Input Bus (ME)
achievement.gt.blockmachines.hatch.input_bus.me.desc=Pickup this item to see the recipe in NEI
achievement.gt.blockmachines.hatch.datain.wireless.tier.12=Cloud Computation Client Hatch
achievement.gt.blockmachines.hatch.datain.wireless.tier.12.desc=Pickup this item to see the recipe in NEI
achievement.gt.blockmachines.hatch.dataout.wireless.tier.12=Cloud Computation Server Hatch
achievement.gt.blockmachines.hatch.dataout.wireless.tier.12.desc=Pickup this item to see the recipe in NEI
achievement.gt.blockmachines.hatch.datainass.wireless.tier.12=Wireless Assembly line Reception Connector
achievement.gt.blockmachines.hatch.datainass.wireless.tier.12.desc=Pickup this item to see the recipe in NEI
achievement.gt.blockmachines.hatch.dataoutass.wireless.tier.12=Wireless Data Bank Transmission Connector
achievement.gt.blockmachines.hatch.dataoutass.wireless.tier.12.desc=Pickup this item to see the recipe in NEI
achievement.gt.blockmachines.hatch.nanite=Nanite Containment Bus
achievement.gt.blockmachines.hatch.nanite.desc=Pickup this item to see the recipe in NEI
achievement.item.OriginNanoCircuit=Nano Circuit of Split Origin
achievement.item.OriginNanoCircuit.desc=Pickup this item to see the recipe in NEI
achievement.item.OriginGatePlate=Stargate Plate of Split Origin
achievement.item.OriginGatePlate.desc=Pickup this item to see the recipe in NEI
achievement.item.OriginChevron=Stargate Chevron of Split Origin
achievement.item.OriginChevron.desc=Pickup this item to see the recipe in NEI
achievement.item.OriginFramePart=Stargate Frame Part of Split Origin
achievement.item.OriginFramePart.desc=Pickup this item to see the recipe in NEI
achievement.item.PolychromePikoCircuit=Pico Circuit of Polychrome Contest
achievement.item.PolychromePikoCircuit.desc=Pickup this item to see the recipe in NEI
achievement.item.PolychromeQuantumCircuit=Quantum Circuit of Polychrome Contest
achievement.item.PolychromeQuantumCircuit.desc=Pickup this item to see the recipe in NEI
achievement.item.PolychromeGatePlate=Stargate Plate of Polychrome Contest
achievement.item.PolychromeGatePlate.desc=Pickup this item to see the recipe in NEI
achievement.item.PolychromeChevron=Stargate Chevron of Polychrome Contest
achievement.item.PolychromeChevron.desc=Pickup this item to see the recipe in NEI
achievement.item.PolychromeFramePart=Stargate Frame Part of Polychrome Contest
achievement.item.PolychromeFramePart.desc=Pickup this item to see the recipe in NEI
achievement.gt.metaitem.01.32019=Electric Motor (UXV)
achievement.gt.metaitem.01.32019.desc=Pickup this item to see the recipe in NEI
achievement.gt.metaitem.01.32031=Conveyor Module (UXV)
achievement.gt.metaitem.01.32031.desc=Pickup this item to see the recipe in NEI
achievement.gt.metaitem.01.32035=Robot Arm (UXV)
achievement.gt.metaitem.01.32035.desc=Pickup this item to see the recipe in NEI
achievement.gt.metaitem.01.32023=Electric Piston (UXV)
achievement.gt.metaitem.01.32023.desc=Pickup this item to see the recipe in NEI
achievement.gt.metaitem.01.32039=Emitter (UXV)
achievement.gt.metaitem.01.32039.desc=Pickup this item to see the recipe in NEI
achievement.gt.metaitem.01.32043=Sensor (UXV)
achievement.gt.metaitem.01.32043.desc=Pickup this item to see the recipe in NEI
achievement.gt.metaitem.01.32047=Field Generator (UXV)
achievement.gt.metaitem.01.32047.desc=Pickup this item to see the recipe in NEI
Registration finished. If you see some langfile entries above, feel free to add them to your lang file to fix the unlocalised entries in the GT Achievements.
GTMod: Loading finished, de-allocating temporary Init Variables.
Unknown Key for Unification, Typo? dustTantalumCarbide
Unknown Key for Unification, Typo? blockCosmicNeutronium
Processing recipmap: gt.recipe.assembler
Processing recipmap: bw.recipe.biolab
Processing recipmap: gt.recipe.extrahugenaquadahreactor
Processing recipmap: gt.recipe.alloysmelter
Processing recipmap: gt.recipe.replicator
Processing recipmap: gt.recipe.upgrade_costs
Processing recipmap: gt.recipe.fakeAssemblylineProcess
Processing recipmap: gt.recipe.purificationplantclarifier
Processing recipmap: gt.recipe.chemicalbath
Recipe edited: Item inputs: gt.metaitem.01.5084,  Fluid inputs: fluid.mercury,  Item outputs: gt.metaitem.01.6084, gt.metaitem.01.2085, gt.metaitem.01.2299,  Fluid outputs: 
Recipe edited: Item inputs: gt.metaitem.01.5340,  Fluid inputs: fluid.mercury,  Item outputs: gt.metaitem.01.6340, gt.metaitem.01.2085, gt.metaitem.01.2299,  Fluid outputs: 
Recipe edited: Item inputs: gt.metaitem.01.5085,  Fluid inputs: fluid.mercury,  Item outputs: gt.metaitem.01.6085, gt.metaitem.01.2085, gt.metaitem.01.2299,  Fluid outputs: 
Recipe edited: Item inputs: gt.metaitem.01.5034,  Fluid inputs: fluid.mercury,  Item outputs: gt.metaitem.01.6034, gt.metaitem.01.2085, gt.metaitem.01.2299,  Fluid outputs: 
Recipe edited: Item inputs: gt.metaitem.01.5083,  Fluid inputs: fluid.mercury,  Item outputs: gt.metaitem.01.6083, gt.metaitem.01.2083, gt.metaitem.01.2299,  Fluid outputs: 
Processing recipmap: bw.recipe.htgr
Processing recipmap: gt.recipe.electrolyzer
Recipe edited: Item inputs: item.itemDustMiessiite,  Fluid inputs:  Item outputs: gt.metaitem.01.2052, gt.metaitem.01.2059, item.itemDustSelenium,  Fluid outputs: 
Recipe edited: Item inputs: item.itemDustKashinite,  Fluid inputs:  Item outputs: gt.bwMetaGenerateddust.70, gt.bwMetaGenerateddust.78, gt.metaitem.01.2022,  Fluid outputs: 
Recipe edited: Item inputs: item.itemDustKashinite,  Fluid inputs:  Item outputs: gt.bwMetaGenerateddust.70, gt.bwMetaGenerateddust.78, gt.metaitem.01.2022,  Fluid outputs: 
Processing recipmap: gt.recipe.rockbreaker
Processing recipmap: gt.recipe.plasmageneratorfuels
Processing recipmap: gt.recipe.press
Processing recipmap: kubatech.defusioncrafter
Processing recipmap: gtpp.recipe.oremill
Processing recipmap: gt.recipe.blastfurnace
Processing recipmap: gtpp.recipe.multidehydrator
Processing recipmap: gt.recipe.pyro
Processing recipmap: gt.recipe.fog_exotic
Processing recipmap: gtpp.recipe.RTGgenerators
Processing recipmap: gt.recipe.mixer
Processing recipmap: gtnhlanth.recipe.disstank
Processing recipmap: gt.recipe.sifter
Recipe edited: Item inputs: gt.metaitem.01.6084,  Fluid inputs:  Item outputs: ic2.itemOreIridium, ic2.itemOreIridium, ic2.itemOreIridium, ic2.itemOreIridium, ic2.itemOreIridium, gt.bwMetaGenerateddust.70,  Fluid outputs: 
Processing recipmap: gt.recipe.largenaquadahreactor
Processing recipmap: gtpp.recipe.matterfab2
Processing recipmap: gt.recipe.gasturbinefuel
Processing recipmap: bw.recipe.BacteriaVat
Processing recipmap: gt.recipe.multiblockrockbreaker
Processing recipmap: gg.recipe.neutron_activator
Processing recipmap: gg.recipe.naquadah_reactor
Processing recipmap: gt.recipe.entropic-processing
Processing recipmap: gt.recipe.arcfurnace
Processing recipmap: gt.recipe.fakespaceprojects
Processing recipmap: bw.recipe.radhatch
Processing recipmap: gt.recipe.pcbfactory
Processing recipmap: gt.recipe.electricimplosioncompressor
Processing recipmap: gt.recipe.thermalgeneratorfuel
Processing recipmap: gt.recipe.purificationplantuvtreatment
Processing recipmap: gt.recipe.largechemicalreactor
Recipe edited: Item inputs: item.gt.comb,  Fluid inputs: fluid.hydrofluoricacid_gt5u,  Item outputs: gt.metaitem.01.9085,  Fluid outputs: fluid.platinum concentrate, 
Recipe edited: Item inputs: item.gt.comb,  Fluid inputs: fluid.phtalicacid,  Item outputs: gt.metaitem.01.9084,  Fluid outputs: fluid.acidic iridium solution, 
Recipe edited: Item inputs: item.gt.comb,  Fluid inputs: fluid.phtalicacid,  Item outputs: gt.metaitem.01.9083,  Fluid outputs: fluid.acidic osmium solution, 
Recipe edited: Item inputs: gt.metaitem.02.32533, gt.metaitem.01.5084,  Fluid inputs: fluid.tile.water,  Item outputs: gt.metaitem.01.6084,  Fluid outputs: fluid.platinum concentrate, 
Recipe edited: Item inputs: gt.metaitem.02.32534, gt.metaitem.01.5083,  Fluid inputs: fluid.tile.water,  Item outputs: gt.metaitem.01.6083,  Fluid outputs: fluid.acidic iridium solution, 
Processing recipmap: gt.recipe.slicer
Processing recipmap: gt.recipe.fog_molten
Processing recipmap: gt.recipe.solarfactory
Processing recipmap: gt.recipe.purificationplantflocculation
Processing recipmap: gtpp.recipe.cokeoven
Processing recipmap: gtpp.recipe.alloyblastsmelter
Processing recipmap: gt.recipe.implosioncompressor
Processing recipmap: gt.recipe.distillationtower
Processing recipmap: gt.recipe.fluidheater
Processing recipmap: gtpp.recipe.reactorprocessingunit
Processing recipmap: gt.recipe.polarizer
Processing recipmap: gt.recipe.chemicalreactor
Recipe edited: Item inputs: item.gt.comb,  Fluid inputs: fluid.hydrofluoricacid_gt5u,  Item outputs: gt.metaitem.01.9085,  Fluid outputs: fluid.platinum concentrate, 
Recipe edited: Item inputs: item.gt.comb,  Fluid inputs: fluid.phtalicacid,  Item outputs: gt.metaitem.01.9084,  Fluid outputs: fluid.acidic iridium solution, 
Recipe edited: Item inputs: item.gt.comb,  Fluid inputs: fluid.phtalicacid,  Item outputs: gt.metaitem.01.9083,  Fluid outputs: fluid.acidic osmium solution, 
Recipe edited: Item inputs: gt.metaitem.02.32533, gt.metaitem.01.5084,  Fluid inputs: fluid.tile.water,  Item outputs: gt.metaitem.01.6084,  Fluid outputs: fluid.platinum concentrate, 
Recipe edited: Item inputs: gt.metaitem.02.32534, gt.metaitem.01.5083,  Fluid inputs: fluid.tile.water,  Item outputs: gt.metaitem.01.6083,  Fluid outputs: fluid.acidic iridium solution, 
Processing recipmap: gtpp.recipe.fissionfuel
Processing recipmap: gt.recipe.transcendentplasmamixerrecipes
Processing recipmap: gt.recipe.furnace
Processing recipmap: gtpp.recipe.flotationcell
Processing recipmap: gt.recipe.eyeofharmony
Processing recipmap: gg.recipe.componentassemblyline
Processing recipmap: gt.recipe.compressor
Processing recipmap: gtpp.recipe.fishpond
Processing recipmap: bw.recipe.cal
Processing recipmap: gt.recipe.autoclave
Processing recipmap: gtpp.recipe.rocketenginefuel
Processing recipmap: gt.recipe.electromagneticseparator
Processing recipmap: gt.recipe.distillery
Processing recipmap: gtpp.recipe.solartower
Processing recipmap: gt.recipe.printer
Processing recipmap: gt.recipe.uuamplifier
Processing recipmap: gtpp.recipe.vacfurnace
Processing recipmap: ic.recipe.recycler
Processing recipmap: gt.recipe.thermalcentrifuge
Recipe edited: Item inputs: item.crushedIrarsite,  Fluid inputs:  Item outputs: item.crushedCentrifugedIrarsite, gt.bwMetaGenerateddust.64, gt.metaitem.01.2299,  Fluid outputs: 
Recipe edited: Item inputs: item.crushedPurifiedIrarsite,  Fluid inputs:  Item outputs: item.crushedCentrifugedIrarsite, gt.bwMetaGenerateddust.70, gt.metaitem.01.2299,  Fluid outputs: 
Recipe edited: Item inputs: item.crushedPurifiedMiessiite,  Fluid inputs:  Item outputs: item.crushedCentrifugedMiessiite, gt.metaitem.01.2052, gt.metaitem.01.2299,  Fluid outputs: 
Recipe edited: Item inputs: item.crushedKashinite,  Fluid inputs:  Item outputs: item.crushedCentrifugedKashinite, gt.bwMetaGenerateddust.78, gt.metaitem.01.2299,  Fluid outputs: 
Recipe edited: Item inputs: item.crushedPurifiedKashinite,  Fluid inputs:  Item outputs: item.crushedCentrifugedKashinite, gt.bwMetaGenerateddust.70, gt.metaitem.01.2299,  Fluid outputs: 
Recipe edited: Item inputs: gt.metaitem.01.5052,  Fluid inputs:  Item outputs: gt.metaitem.01.7052, gt.metaitem.01.2052, gt.metaitem.01.2299,  Fluid outputs: 
Recipe edited: Item inputs: gt.metaitem.01.6331,  Fluid inputs:  Item outputs: gt.metaitem.01.7331, gt.metaitem.01.2085,  Fluid outputs: 
Recipe edited: Item inputs: gt.metaitem.01.5084,  Fluid inputs:  Item outputs: gt.metaitem.01.7084, gt.metaitem.01.2083, gt.metaitem.01.2299,  Fluid outputs: 
Recipe edited: Item inputs: gt.metaitem.01.6084,  Fluid inputs:  Item outputs: gt.metaitem.01.7084, gt.metaitem.01.2083,  Fluid outputs: 
Recipe edited: Item inputs: gt.metaitem.01.6034,  Fluid inputs:  Item outputs: gt.metaitem.01.7034, gt.metaitem.01.2085,  Fluid outputs: 
Recipe edited: Item inputs: gt.metaitem.01.5085,  Fluid inputs:  Item outputs: gt.metaitem.01.7085, gt.bwMetaGenerateddust.70, gt.metaitem.01.2299,  Fluid outputs: 
Recipe edited: Item inputs: gt.metaitem.01.6052,  Fluid inputs:  Item outputs: gt.metaitem.01.7052, gt.metaitem.01.2052,  Fluid outputs: 
Recipe edited: Item inputs: gt.metaitem.01.5034,  Fluid inputs:  Item outputs: gt.metaitem.01.7034, gt.metaitem.01.2085, gt.metaitem.01.2299,  Fluid outputs: 
Recipe edited: Item inputs: gt.metaitem.01.5331,  Fluid inputs:  Item outputs: gt.metaitem.01.7331, gt.metaitem.01.2085, gt.metaitem.01.2299,  Fluid outputs: 
Recipe edited: Item inputs: gt.metaitem.01.5083,  Fluid inputs:  Item outputs: gt.metaitem.01.7083, gt.bwMetaGenerateddust.70, gt.metaitem.01.2299,  Fluid outputs: 
Recipe edited: Item inputs: gt.metaitem.01.6083,  Fluid inputs:  Item outputs: gt.metaitem.01.7083, gt.bwMetaGenerateddust.70,  Fluid outputs: 
Recipe edited: Item inputs: gt.metaitem.01.6085,  Fluid inputs:  Item outputs: gt.metaitem.01.7085, gt.bwMetaGenerateddust.70,  Fluid outputs: 
Processing recipmap: gt.recipe.canner
Processing recipmap: gtpp.recipe.fluidchemicaleactor
Processing recipmap: gt.recipe.microwave
Processing recipmap: gg.recipe.extreme_heat_exchanger
Processing recipmap: gt.recipe.largeboilerfakefuels
Processing recipmap: gt.recipe.isotope-decay
Processing recipmap: gt.recipe.brewer
Processing recipmap: gt.recipe.magicfuels
Processing recipmap: gtpp.recipe.simplewasher
Processing recipmap: gt.recipe.nanoforge
Processing recipmap: gt.recipe.plasmaarcfurnace
Processing recipmap: gtnhlanth.recipe.digester
Processing recipmap: gtpp.recipe.treefarm
Processing recipmap: gtpp.recipe.coldtrap
Processing recipmap: gtpp.recipe.lftr.sparging
Processing recipmap: gtpp.recipe.multimixer
Processing recipmap: gt.recipe.laserengraver
Processing recipmap: gt.recipe.plasmaforge
Processing recipmap: gt.recipe.fusionreactor
Processing recipmap: gg.recipe.naquadah_fuel_refine_factory
Processing recipmap: gtpp.recipe.multielectro
Processing recipmap: gt.recipe.spaceMining
Processing recipmap: gt.recipe.orewasher
Recipe edited: Item inputs: item.crushedIrarsite,  Fluid inputs: fluid.tile.water,  Item outputs: item.crushedPurifiedIrarsite, gt.bwMetaGenerateddust.70, gt.metaitem.01.2299,  Fluid outputs: 
Recipe edited: Item inputs: item.crushedIrarsite,  Fluid inputs: ic2.fluidDistilledWater,  Item outputs: item.crushedPurifiedIrarsite, gt.bwMetaGenerateddust.70, gt.metaitem.01.2299,  Fluid outputs: 
Recipe edited: Item inputs: item.crushedMiessiite,  Fluid inputs: fluid.tile.water,  Item outputs: item.crushedPurifiedMiessiite, gt.metaitem.01.2052, gt.metaitem.01.2299,  Fluid outputs: 
Recipe edited: Item inputs: item.crushedMiessiite,  Fluid inputs: ic2.fluidDistilledWater,  Item outputs: item.crushedPurifiedMiessiite, gt.metaitem.01.2052, gt.metaitem.01.2299,  Fluid outputs: 
Recipe edited: Item inputs: item.crushedKashinite,  Fluid inputs: fluid.tile.water,  Item outputs: item.crushedPurifiedKashinite, gt.bwMetaGenerateddust.70, gt.metaitem.01.2299,  Fluid outputs: 
Recipe edited: Item inputs: item.crushedKashinite,  Fluid inputs: ic2.fluidDistilledWater,  Item outputs: item.crushedPurifiedKashinite, gt.bwMetaGenerateddust.70, gt.metaitem.01.2299,  Fluid outputs: 
Recipe edited: Item inputs: gt.metaitem.01.5052,  Fluid inputs: fluid.tile.water,  Item outputs: gt.metaitem.01.6052, gt.metaitem.01.2052, gt.metaitem.01.2299,  Fluid outputs: 
Recipe edited: Item inputs: gt.metaitem.01.5052,  Fluid inputs: ic2.fluidDistilledWater,  Item outputs: gt.metaitem.01.6052, gt.metaitem.01.2052, gt.metaitem.01.2299,  Fluid outputs: 
Recipe edited: Item inputs: gt.metaitem.01.5084,  Fluid inputs: fluid.tile.water,  Item outputs: gt.metaitem.01.6084, gt.metaitem.01.2085, gt.metaitem.01.2299,  Fluid outputs: 
Recipe edited: Item inputs: gt.metaitem.01.5084,  Fluid inputs: ic2.fluidDistilledWater,  Item outputs: gt.metaitem.01.6084, gt.metaitem.01.2085, gt.metaitem.01.2299,  Fluid outputs: 
Recipe edited: Item inputs: gt.metaitem.01.5331,  Fluid inputs: fluid.tile.water,  Item outputs: gt.metaitem.01.6331, gt.metaitem.01.2085, gt.metaitem.01.2299,  Fluid outputs: 
Recipe edited: Item inputs: gt.metaitem.01.5331,  Fluid inputs: ic2.fluidDistilledWater,  Item outputs: gt.metaitem.01.6331, gt.metaitem.01.2085, gt.metaitem.01.2299,  Fluid outputs: 
Recipe edited: Item inputs: gt.metaitem.01.5083,  Fluid inputs: fluid.tile.water,  Item outputs: gt.metaitem.01.6083, gt.bwMetaGenerateddust.70, gt.metaitem.01.2299,  Fluid outputs: 
Recipe edited: Item inputs: gt.metaitem.01.5083,  Fluid inputs: ic2.fluidDistilledWater,  Item outputs: gt.metaitem.01.6083, gt.bwMetaGenerateddust.70, gt.metaitem.01.2299,  Fluid outputs: 
Recipe edited: Item inputs: gt.metaitem.01.5828,  Fluid inputs: fluid.tile.water,  Item outputs: gt.metaitem.01.6828, gt.metaitem.01.2052, gt.metaitem.01.2299,  Fluid outputs: 
Recipe edited: Item inputs: gt.metaitem.01.5828,  Fluid inputs: ic2.fluidDistilledWater,  Item outputs: gt.metaitem.01.6828, gt.metaitem.01.2052, gt.metaitem.01.2299,  Fluid outputs: 
Processing recipmap: gtpp.recipe.chemicaldehydrator
Recipe edited: Item inputs: item.itemDustBlackTitanium, ic2.itemCellEmpty,  Fluid inputs:  Item outputs: gt.metaitem.01.2028, gt.metaitem.01.2064, gt.metaitem.01.2081, gt.metaitem.01.2033, gt.metaitem.01.2031, gt.metaitem.01.2021, gt.metaitem.01.2052, gt.metaitem.01.2047, gt.metaitem.01.30024,  Fluid outputs: 
Recipe edited: Item inputs: item.itemDustQuantum,  Fluid inputs:  Item outputs: item.itemDustStellite, item.itemDustEnergyCrystal, item.itemDustSiliconCarbide, gt.metaitem.01.2037, gt.metaitem.01.2103, gt.metaitem.01.2052, gt.metaitem.01.2090, item.itemDustGermanium,  Fluid outputs: 
Recipe edited: Item inputs: item.itemDustPikyonium64B,  Fluid inputs:  Item outputs: item.itemDustInconel792, item.itemDustEglinSteel, gt.metaitem.01.2326, gt.metaitem.01.2065, gt.metaitem.01.2058, gt.metaitem.01.2085, gt.metaitem.01.2077, gt.metaitem.01.2316,  Fluid outputs: 
Recipe edited: Item inputs: item.itemDustIrarsite, ic2.itemCellEmpty,  Fluid inputs:  Item outputs: gt.bwMetaGenerateddust.70, gt.bwMetaGenerateddust.64, gt.bwMetaGenerateddust.78, gt.metaitem.01.2085, gt.metaitem.01.2039, gt.metaitem.01.2022, gt.metaitem.01.30013,  Fluid outputs: 
Recipe edited: Item inputs: item.itemDustIrarsite, ic2.itemCellEmpty,  Fluid inputs:  Item outputs: gt.bwMetaGenerateddust.70, gt.bwMetaGenerateddust.64, gt.bwMetaGenerateddust.78, gt.metaitem.01.2085, gt.metaitem.01.2039, gt.metaitem.01.2022, gt.metaitem.01.30013,  Fluid outputs: 
Recipe edited: Item inputs: item.itemDustIrarsite, ic2.itemCellEmpty,  Fluid inputs:  Item outputs: gt.bwMetaGenerateddust.70, gt.bwMetaGenerateddust.60, gt.bwMetaGenerateddust.78, gt.metaitem.01.2085, gt.metaitem.01.2039, gt.metaitem.01.2022, gt.metaitem.01.30013,  Fluid outputs: 
Recipe edited: Item inputs: item.itemDustIrarsite, ic2.itemCellEmpty,  Fluid inputs:  Item outputs: gt.bwMetaGenerateddust.70, gt.bwMetaGenerateddust.60, gt.bwMetaGenerateddust.79, gt.metaitem.01.2085, gt.metaitem.01.2039, gt.metaitem.01.2022, gt.metaitem.01.30013,  Fluid outputs: 
Processing recipmap: gtpp.recipe.moleculartransformer
Processing recipmap: gg.recipe.precise_assembler
Processing recipmap: gt.recipe.extremedieselgeneratorfuel
Processing recipmap: gt.recipe.macerator
Recipe edited: Item inputs: tile.EnceladusSnow,  Fluid inputs:  Item outputs: item.EnceladusIceDust, gt.metaitem.01.2398, gt.metaitem.01.2030, gt.bwMetaGenerateddust.70,  Fluid outputs: 
Recipe edited: Item inputs: tile.EnceladusGrunt,  Fluid inputs:  Item outputs: item.EnceladusStoneDust, gt.metaitem.01.2030, gt.metaitem.01.2083, gt.metaitem.01.2398,  Fluid outputs: 
Recipe edited: Item inputs: tile.EnceladusIce,  Fluid inputs:  Item outputs: item.EnceladusIceDust, gt.metaitem.01.2398, gt.metaitem.01.2030, gt.bwMetaGenerateddust.70,  Fluid outputs: 
Recipe edited: Item inputs: tile.TitanGrunt,  Fluid inputs:  Item outputs: item.TitanStoneDust, gt.metaitem.01.2034, gt.bwMetaGenerateddust.70, gt.metaitem.01.2083,  Fluid outputs: 
Recipe edited: Item inputs: tile.TitanGrunt,  Fluid inputs:  Item outputs: item.TitanStoneDust, gt.metaitem.01.2034, gt.bwMetaGenerateddust.70, gt.metaitem.01.2083,  Fluid outputs: 
Recipe edited: Item inputs: tile.TitanSubGrunt,  Fluid inputs:  Item outputs: item.TitanStoneDust, gt.metaitem.01.2034, gt.bwMetaGenerateddust.70, gt.metaitem.01.2083,  Fluid outputs: 
Recipe edited: Item inputs: tile.TitanSubGrunt,  Fluid inputs:  Item outputs: item.TitanStoneDust, gt.metaitem.01.2034, gt.bwMetaGenerateddust.70, gt.metaitem.01.2083,  Fluid outputs: 
Recipe edited: Item inputs: tile.TitanStone,  Fluid inputs:  Item outputs: item.TitanStoneDust, gt.metaitem.01.2034, gt.bwMetaGenerateddust.70, gt.metaitem.01.2083,  Fluid outputs: 
Recipe edited: Item inputs: tile.TitanStone,  Fluid inputs:  Item outputs: item.TitanStoneDust, gt.metaitem.01.2034, gt.bwMetaGenerateddust.70, gt.metaitem.01.2083,  Fluid outputs: 
Recipe edited: Item inputs: tile.OberonGrunt,  Fluid inputs:  Item outputs: item.OberonStoneDust, gt.bwMetaGenerateddust.70, gt.metaitem.01.2083, gt.metaitem.01.2324,  Fluid outputs: 
Recipe edited: Item inputs: tile.OberonGrunt,  Fluid inputs:  Item outputs: item.OberonStoneDust, gt.bwMetaGenerateddust.70, gt.metaitem.01.2083, gt.metaitem.01.2324,  Fluid outputs: 
Recipe edited: Item inputs: tile.OberonSubGrunt,  Fluid inputs:  Item outputs: item.OberonStoneDust, gt.bwMetaGenerateddust.70, gt.metaitem.01.2083, gt.metaitem.01.2324,  Fluid outputs: 
Recipe edited: Item inputs: tile.OberonSubGrunt,  Fluid inputs:  Item outputs: item.OberonStoneDust, gt.bwMetaGenerateddust.70, gt.metaitem.01.2083, gt.metaitem.01.2324,  Fluid outputs: 
Recipe edited: Item inputs: tile.OberonStone,  Fluid inputs:  Item outputs: item.OberonStoneDust, gt.bwMetaGenerateddust.70, gt.metaitem.01.2083, gt.metaitem.01.2324,  Fluid outputs: 
Recipe edited: Item inputs: tile.OberonStone,  Fluid inputs:  Item outputs: item.OberonStoneDust, gt.bwMetaGenerateddust.70, gt.metaitem.01.2083, gt.metaitem.01.2324,  Fluid outputs: 
Recipe edited: Item inputs: tile.MirandaGrunt,  Fluid inputs:  Item outputs: item.MirandaStoneDust, gt.metaitem.01.2057, gt.metaitem.01.2840, gt.bwMetaGenerateddust.70,  Fluid outputs: 
Recipe edited: Item inputs: tile.MirandaSubGrunt,  Fluid inputs:  Item outputs: item.MirandaStoneDust, gt.metaitem.01.2057, gt.metaitem.01.2840, gt.bwMetaGenerateddust.70,  Fluid outputs: 
Recipe edited: Item inputs: tile.MirandaStone,  Fluid inputs:  Item outputs: item.MirandaStoneDust, gt.metaitem.01.2057, gt.metaitem.01.2840, gt.bwMetaGenerateddust.70,  Fluid outputs: 
Recipe edited: Item inputs: tile.ACentauriBbGrunt,  Fluid inputs:  Item outputs: item.CentauriASurfaceDust, gt.bwMetaGenerateddust.70, gt.metaitem.01.2326, item.draconicevolution:draconiumDust,  Fluid outputs: 
Recipe edited: Item inputs: tile.ACentauriBbSubGrunt,  Fluid inputs:  Item outputs: item.CentauriAStoneDust, gt.metaitem.01.2083, gt.metaitem.01.2326, gt.metaitem.01.2129,  Fluid outputs: 
Recipe edited: Item inputs: item.crushedIrarsite,  Fluid inputs:  Item outputs: item.dustImpureIrarsite, gt.bwMetaGenerateddust.70,  Fluid outputs: 
Recipe edited: Item inputs: item.crushedPurifiedIrarsite,  Fluid inputs:  Item outputs: item.dustPureIrarsite, gt.bwMetaGenerateddust.70,  Fluid outputs: 
Recipe edited: Item inputs: item.crushedCentrifugedIrarsite,  Fluid inputs:  Item outputs: item.itemDustIrarsite, gt.bwMetaGenerateddust.70,  Fluid outputs: 
Recipe edited: Item inputs: item.crushedMiessiite,  Fluid inputs:  Item outputs: item.dustImpureMiessiite, gt.metaitem.01.2052,  Fluid outputs: 
Recipe edited: Item inputs: item.crushedPurifiedMiessiite,  Fluid inputs:  Item outputs: item.dustPureMiessiite, gt.metaitem.01.2052,  Fluid outputs: 
Recipe edited: Item inputs: item.crushedCentrifugedMiessiite,  Fluid inputs:  Item outputs: item.itemDustMiessiite, gt.metaitem.01.2052,  Fluid outputs: 
Recipe edited: Item inputs: item.crushedKashinite,  Fluid inputs:  Item outputs: item.dustImpureKashinite, gt.bwMetaGenerateddust.70,  Fluid outputs: 
Recipe edited: Item inputs: item.crushedPurifiedKashinite,  Fluid inputs:  Item outputs: item.dustPureKashinite, gt.bwMetaGenerateddust.70,  Fluid outputs: 
Recipe edited: Item inputs: item.crushedCentrifugedKashinite,  Fluid inputs:  Item outputs: item.itemDustKashinite, gt.bwMetaGenerateddust.70,  Fluid outputs: 
Recipe edited: Item inputs: gt.metaitem.01.5052,  Fluid inputs:  Item outputs: gt.metaitem.01.3052, gt.metaitem.01.2052,  Fluid outputs: 
Recipe edited: Item inputs: gt.metaitem.01.5052,  Fluid inputs:  Item outputs: gt.bwMetaGenerateddust.53, gt.metaitem.01.2052,  Fluid outputs: 
Recipe edited: Item inputs: gt.blockores.2331,  Fluid inputs:  Item outputs: gt.metaitem.01.5331, gt.metaitem.01.2085, gt.metaitem.01.2808,  Fluid outputs: 
Recipe edited: Item inputs: gt.blockores.5828,  Fluid inputs:  Item outputs: gt.metaitem.01.5828, gt.metaitem.01.2052, gt.metaitem.01.2845,  Fluid outputs: 
Recipe edited: Item inputs: gt.blockores.4084,  Fluid inputs:  Item outputs: gt.metaitem.01.5084, gt.metaitem.01.2085, gt.metaitem.01.2850,  Fluid outputs: 
Recipe edited: Item inputs: gt.metaitem.01.6331,  Fluid inputs:  Item outputs: gt.metaitem.01.4331, gt.metaitem.01.2085,  Fluid outputs: 
Recipe edited: Item inputs: gt.blockores.6052,  Fluid inputs:  Item outputs: gt.metaitem.01.5052, gt.metaitem.01.2052, gt.metaitem.01.2844,  Fluid outputs: 
Recipe edited: Item inputs: gt.metaitem.03.5331,  Fluid inputs:  Item outputs: gt.metaitem.01.5331, gt.metaitem.01.2085, gt.metaitem.01.2299,  Fluid outputs: 
Recipe edited: Item inputs: gt.metaitem.01.5084,  Fluid inputs:  Item outputs: gt.bwMetaGenerateddust.70, gt.metaitem.01.2085,  Fluid outputs: 
Recipe edited: Item inputs: gt.metaitem.01.5084,  Fluid inputs:  Item outputs: gt.bwMetaGenerateddust.70, gt.metaitem.01.2085,  Fluid outputs: 
Recipe edited: Item inputs: gt.metaitem.01.7340,  Fluid inputs:  Item outputs: gt.metaitem.01.2340, gt.bwMetaGenerateddust.70,  Fluid outputs: 
Recipe edited: Item inputs: gt.metaitem.01.7084,  Fluid inputs:  Item outputs: gt.bwMetaGenerateddust.70, gt.metaitem.01.2083,  Fluid outputs: 
Recipe edited: Item inputs: gt.metaitem.01.7084,  Fluid inputs:  Item outputs: gt.bwMetaGenerateddust.70, gt.metaitem.01.2083,  Fluid outputs: 
Recipe edited: Item inputs: gt.blockores.84,  Fluid inputs:  Item outputs: gt.metaitem.01.5084, gt.metaitem.01.2085, gt.metaitem.01.2299,  Fluid outputs: 
Recipe edited: Item inputs: gt.blockores.2828,  Fluid inputs:  Item outputs: gt.metaitem.01.5828, gt.metaitem.01.2052, gt.metaitem.01.2808,  Fluid outputs: 
Recipe edited: Item inputs: gt.metaitem.01.7083,  Fluid inputs:  Item outputs: gt.metaitem.01.2083, gt.metaitem.01.2084,  Fluid outputs: 
Recipe edited: Item inputs: gt.metaitem.01.7083,  Fluid inputs:  Item outputs: gt.bwMetaGenerateddust.69, gt.bwMetaGenerateddust.70,  Fluid outputs: 
Recipe edited: Item inputs: gt.blockores.52,  Fluid inputs:  Item outputs: gt.metaitem.01.5052, gt.metaitem.01.2052, gt.metaitem.01.2299,  Fluid outputs: 
Recipe edited: Item inputs: gt.blockores.331,  Fluid inputs:  Item outputs: gt.metaitem.01.5331, gt.metaitem.01.2085, gt.metaitem.01.2299,  Fluid outputs: 
Recipe edited: Item inputs: gt.metaitem.01.6084,  Fluid inputs:  Item outputs: gt.bwMetaGenerateddust.70, gt.metaitem.01.2083,  Fluid outputs: 
Recipe edited: Item inputs: gt.metaitem.01.6084,  Fluid inputs:  Item outputs: gt.bwMetaGenerateddust.70, gt.metaitem.01.2083,  Fluid outputs: 
Recipe edited: Item inputs: gt.blockores.1828,  Fluid inputs:  Item outputs: gt.metaitem.01.5828, gt.metaitem.01.2052, gt.metaitem.01.2807,  Fluid outputs: 
Recipe edited: Item inputs: gt.blockores.828,  Fluid inputs:  Item outputs: gt.metaitem.01.5828, gt.metaitem.01.2052, gt.metaitem.01.2299,  Fluid outputs: 
Recipe edited: Item inputs: gt.blockores.3828,  Fluid inputs:  Item outputs: gt.metaitem.01.5828, gt.metaitem.01.2052, gt.metaitem.01.2849,  Fluid outputs: 
Recipe edited: Item inputs: gt.metaitem.01.7052,  Fluid inputs:  Item outputs: gt.metaitem.01.2052, gt.metaitem.01.2052,  Fluid outputs: 
Recipe edited: Item inputs: gt.metaitem.01.7052,  Fluid inputs:  Item outputs: gt.bwMetaGenerateddust.53, gt.metaitem.01.2052,  Fluid outputs: 
Recipe edited: Item inputs: gt.metaitem.03.5828,  Fluid inputs:  Item outputs: gt.metaitem.01.5828, gt.metaitem.01.2052, gt.metaitem.01.2299,  Fluid outputs: 
Recipe edited: Item inputs: gt.blockores.5084,  Fluid inputs:  Item outputs: gt.metaitem.01.5084, gt.metaitem.01.2085, gt.metaitem.01.2845,  Fluid outputs: 
Recipe edited: Item inputs: gt.metaitem.01.7828,  Fluid inputs:  Item outputs: gt.metaitem.01.2828, gt.bwMetaGenerateddust.70,  Fluid outputs: 
Recipe edited: Item inputs: gt.metaitem.03.5084,  Fluid inputs:  Item outputs: gt.metaitem.01.5084, gt.metaitem.01.2085, gt.metaitem.01.2299,  Fluid outputs: 
Recipe edited: Item inputs: gt.metaitem.03.5052,  Fluid inputs:  Item outputs: gt.metaitem.01.5052, gt.metaitem.01.2052, gt.metaitem.01.2299,  Fluid outputs: 
Recipe edited: Item inputs: gt.metaitem.01.6034,  Fluid inputs:  Item outputs: gt.metaitem.01.4034, gt.metaitem.01.2085,  Fluid outputs: 
Recipe edited: Item inputs: gt.metaitem.01.5085,  Fluid inputs:  Item outputs: gt.metaitem.01.3085, gt.metaitem.01.2034,  Fluid outputs: 
Recipe edited: Item inputs: gt.metaitem.01.7085,  Fluid inputs:  Item outputs: gt.metaitem.01.2085, gt.metaitem.01.2084,  Fluid outputs: 
Recipe edited: Item inputs: gt.metaitem.01.7085,  Fluid inputs:  Item outputs: gt.bwMetaGenerateddust.47, gt.bwMetaGenerateddust.70,  Fluid outputs: 
Recipe edited: Item inputs: gt.blockores.1084,  Fluid inputs:  Item outputs: gt.metaitem.01.5084, gt.metaitem.01.2085, gt.metaitem.01.2807,  Fluid outputs: 
Recipe edited: Item inputs: gt.metaitem.01.7331,  Fluid inputs:  Item outputs: gt.metaitem.01.2331, gt.metaitem.01.2085,  Fluid outputs: 
Recipe edited: Item inputs: gt.blockores.4331,  Fluid inputs:  Item outputs: gt.metaitem.01.5331, gt.metaitem.01.2085, gt.metaitem.01.2850,  Fluid outputs: 
Recipe edited: Item inputs: gt.blockores.6084,  Fluid inputs:  Item outputs: gt.metaitem.01.5084, gt.metaitem.01.2085, gt.metaitem.01.2844,  Fluid outputs: 
Recipe edited: Item inputs: gt.blockores.3052,  Fluid inputs:  Item outputs: gt.metaitem.01.5052, gt.metaitem.01.2052, gt.metaitem.01.2849,  Fluid outputs: 
Recipe edited: Item inputs: gt.blockores.1331,  Fluid inputs:  Item outputs: gt.metaitem.01.5331, gt.metaitem.01.2085, gt.metaitem.01.2807,  Fluid outputs: 
Recipe edited: Item inputs: gt.metaitem.01.6052,  Fluid inputs:  Item outputs: gt.metaitem.01.4052, gt.metaitem.01.2052,  Fluid outputs: 
Recipe edited: Item inputs: gt.metaitem.01.6052,  Fluid inputs:  Item outputs: gt.bwMetaGenerateddust.53, gt.metaitem.01.2052,  Fluid outputs: 
Recipe edited: Item inputs: gt.blockores.6828,  Fluid inputs:  Item outputs: gt.metaitem.01.5828, gt.metaitem.01.2052, gt.metaitem.01.2844,  Fluid outputs: 
Recipe edited: Item inputs: gt.blockores.3084,  Fluid inputs:  Item outputs: gt.metaitem.01.5084, gt.metaitem.01.2085, gt.metaitem.01.2849,  Fluid outputs: 
Recipe edited: Item inputs: gt.blockores.6331,  Fluid inputs:  Item outputs: gt.metaitem.01.5331, gt.metaitem.01.2085, gt.metaitem.01.2844,  Fluid outputs: 
Recipe edited: Item inputs: gt.blockores.1052,  Fluid inputs:  Item outputs: gt.metaitem.01.5052, gt.metaitem.01.2052, gt.metaitem.01.2807,  Fluid outputs: 
Recipe edited: Item inputs: gt.blockores.3331,  Fluid inputs:  Item outputs: gt.metaitem.01.5331, gt.metaitem.01.2085, gt.metaitem.01.2849,  Fluid outputs: 
Recipe edited: Item inputs: gt.blockores.2084,  Fluid inputs:  Item outputs: gt.metaitem.01.5084, gt.metaitem.01.2085, gt.metaitem.01.2808,  Fluid outputs: 
Recipe edited: Item inputs: gt.metaitem.01.5331,  Fluid inputs:  Item outputs: gt.metaitem.01.3331, gt.metaitem.01.2085,  Fluid outputs: 
Recipe edited: Item inputs: gt.blockores.5052,  Fluid inputs:  Item outputs: gt.metaitem.01.5052, gt.metaitem.01.2052, gt.metaitem.01.2845,  Fluid outputs: 
Recipe edited: Item inputs: gt.blockores.5331,  Fluid inputs:  Item outputs: gt.metaitem.01.5331, gt.metaitem.01.2085, gt.metaitem.01.2845,  Fluid outputs: 
Recipe edited: Item inputs: gt.metaitem.01.5083,  Fluid inputs:  Item outputs: gt.metaitem.01.3083, gt.metaitem.01.2084,  Fluid outputs: 
Recipe edited: Item inputs: gt.metaitem.01.5083,  Fluid inputs:  Item outputs: gt.bwMetaGenerateddust.69, gt.bwMetaGenerateddust.70,  Fluid outputs: 
Recipe edited: Item inputs: gt.blockores.2052,  Fluid inputs:  Item outputs: gt.metaitem.01.5052, gt.metaitem.01.2052, gt.metaitem.01.2808,  Fluid outputs: 
Recipe edited: Item inputs: gt.metaitem.01.6083,  Fluid inputs:  Item outputs: gt.metaitem.01.4083, gt.metaitem.01.2084,  Fluid outputs: 
Recipe edited: Item inputs: gt.metaitem.01.6083,  Fluid inputs:  Item outputs: gt.bwMetaGenerateddust.69, gt.bwMetaGenerateddust.70,  Fluid outputs: 
Recipe edited: Item inputs: gt.metaitem.01.6085,  Fluid inputs:  Item outputs: gt.metaitem.01.4085, gt.metaitem.01.2084,  Fluid outputs: 
Recipe edited: Item inputs: gt.metaitem.01.6085,  Fluid inputs:  Item outputs: gt.bwMetaGenerateddust.47, gt.bwMetaGenerateddust.70,  Fluid outputs: 
Recipe edited: Item inputs: gt.blockores.4052,  Fluid inputs:  Item outputs: gt.metaitem.01.5052, gt.metaitem.01.2052, gt.metaitem.01.2850,  Fluid outputs: 
Recipe edited: Item inputs: gt.blockores.4828,  Fluid inputs:  Item outputs: gt.metaitem.01.5828, gt.metaitem.01.2052, gt.metaitem.01.2850,  Fluid outputs: 
Recipe edited: Item inputs: gt.metaitem.01.5828,  Fluid inputs:  Item outputs: gt.metaitem.01.3828, gt.metaitem.01.2052,  Fluid outputs: 
Recipe edited: Item inputs: tile.TritonMithrilOre,  Fluid inputs:  Item outputs: gt.metaitem.01.5331, gt.metaitem.01.2085, gt.metaitem.01.2299,  Fluid outputs: 
Recipe edited: Item inputs: ic2.itemOreIridium,  Fluid inputs:  Item outputs: gt.bwMetaGenerateddust.70,  Fluid outputs: 
Processing recipmap: gt.recipe.fluidnaquadahreactor
Processing recipmap: gt.recipe.purificationplantphadjustment
Processing recipmap: gtpp.recipe.nuclearsaltprocessingplant
Processing recipmap: gt.recipe.quantumcomputer
Processing recipmap: gt.recipe.purificationplantozonation
Processing recipmap: gt.recipe.purificationplantquarkextractor
Processing recipmap: gt.recipe.fog_plasma
Processing recipmap: gtpp.recipe.lftr
Processing recipmap: gt.recipe.lathe
Processing recipmap: gt.recipe.ic2nuke
Processing recipmap: gt.recipe.researchStation
Processing recipmap: gt.recipe.circuitassembler
Processing recipmap: gtnhlanth.recipe.sc
Processing recipmap: gt.recipe.purificationplantdegasifier
Processing recipmap: gt.recipe.smallnaquadahreactor
Processing recipmap: gtpp.recipe.multicentrifuge
Processing recipmap: gt.recipe.massfab
Processing recipmap: gt.recipe.wiremill
Processing recipmap: gt.recipe.cuttingsaw
Processing recipmap: gtpp.recipe.thermalgeneratorfuel
Processing recipmap: gt.recipe.primitiveblastfurnace
Processing recipmap: gt.recipe.spaceAssembler
Processing recipmap: gt.recipe.fermenter
Processing recipmap: gtnhlanth.recipe.tc
Processing recipmap: gt.recipe.neutroniumcompressor
Processing recipmap: gt.recipe.vacuumfreezer
Processing recipmap: gt.recipe.unpackager
Processing recipmap: gt.recipe.semifluidboilerfuels
Processing recipmap: gt.recipe.fluidextractor
Processing recipmap: gt.recipe.craker
Processing recipmap: gt.recipe.fluidsolidifier
Processing recipmap: gtpp.recipe.quantumforcesmelter
Processing recipmap: gt.recipe.extruder
Processing recipmap: gt.recipe.extractor
Processing recipmap: gt.recipe.centrifuge
Recipe edited: Item inputs: item.MoonStoneDust,  Fluid inputs:  Item outputs: gt.metaitem.01.2837, gt.metaitem.01.2031, gt.metaitem.01.2505, gt.metaitem.01.2891, gt.metaitem.01.2085, gt.metaitem.01.2841,  Fluid outputs: 
Recipe edited: Item inputs: item.MarsStoneDust,  Fluid inputs:  Item outputs: gt.metaitem.01.2917, gt.metaitem.01.2018, gt.metaitem.01.2697, gt.metaitem.01.2502, gt.metaitem.01.2500, gt.bwMetaGenerateddust.70,  Fluid outputs: 
Recipe edited: Item inputs: item.AsteroidsStoneDust,  Fluid inputs:  Item outputs: gt.metaitem.01.2086, gt.metaitem.01.2089, gt.metaitem.01.2028, gt.metaitem.01.2502, gt.metaitem.01.2030, gt.metaitem.01.2083,  Fluid outputs: 
Recipe edited: Item inputs: item.CeresStoneDust,  Fluid inputs:  Item outputs: gt.metaitem.01.2340, gt.metaitem.01.2008, gt.metaitem.01.2085, gt.metaitem.01.2028, gt.metaitem.01.2081, gt.metaitem.01.2324,  Fluid outputs: 
Recipe edited: Item inputs: item.GanymedeStoneDust,  Fluid inputs:  Item outputs: gt.metaitem.01.2028, gt.metaitem.01.2825, gt.metaitem.01.2830, gt.metaitem.01.2500, gt.metaitem.01.2098, gt.metaitem.01.2052,  Fluid outputs: 
Recipe edited: Item inputs: item.IoStoneDust,  Fluid inputs:  Item outputs: gt.metaitem.01.2022, gt.metaitem.01.2921, gt.metaitem.01.2081, gt.metaitem.01.2511, gt.metaitem.01.2323, gt.bwMetaGenerateddust.70,  Fluid outputs: fluid.gas_sulfuricgas, 
Recipe edited: Item inputs: item.EnceladusIceDust,  Fluid inputs:  Item outputs: gt.metaitem.01.2398, gt.metaitem.01.2030, gt.bwMetaGenerateddust.70, gt.metaitem.01.2390, gt.metaitem.01.2868, gt.metaitem.01.2324,  Fluid outputs: fluid.oxygen, 
Recipe edited: Item inputs: item.EnceladusStoneDust,  Fluid inputs:  Item outputs: gt.metaitem.01.2030, gt.bwMetaGenerateddust.70, gt.metaitem.01.2083, gt.metaitem.01.2398, gt.metaitem.01.2868, gt.metaitem.01.2324,  Fluid outputs: fluid.nitrogen, 
Recipe edited: Item inputs: item.EnceladusStoneDust,  Fluid inputs:  Item outputs: gt.metaitem.01.2030, gt.bwMetaGenerateddust.70, gt.metaitem.01.2083, gt.metaitem.01.2398, gt.metaitem.01.2868, gt.metaitem.01.2324,  Fluid outputs: fluid.nitrogen, 
Recipe edited: Item inputs: item.TitanStoneDust,  Fluid inputs:  Item outputs: gt.metaitem.01.2034, gt.bwMetaGenerateddust.70, gt.metaitem.01.2083, gt.metaitem.01.2501, gt.metaitem.01.2037, gt.metaitem.01.2868,  Fluid outputs: fluid.methane, 
Recipe edited: Item inputs: item.TitanStoneDust,  Fluid inputs:  Item outputs: gt.metaitem.01.2034, gt.bwMetaGenerateddust.70, gt.metaitem.01.2083, gt.metaitem.01.2501, gt.metaitem.01.2037, gt.metaitem.01.2868,  Fluid outputs: fluid.methane, 
Recipe edited: Item inputs: item.OberonStoneDust,  Fluid inputs:  Item outputs: gt.bwMetaGenerateddust.70, gt.metaitem.01.2083, gt.metaitem.01.2324, gt.metaitem.01.2097, gt.metaitem.01.2101, gt.metaitem.01.2868,  Fluid outputs: fluid.argon, 
Recipe edited: Item inputs: item.OberonStoneDust,  Fluid inputs:  Item outputs: gt.bwMetaGenerateddust.70, gt.metaitem.01.2083, gt.metaitem.01.2324, gt.metaitem.01.2097, gt.metaitem.01.2101, gt.metaitem.01.2868,  Fluid outputs: fluid.argon, 
Recipe edited: Item inputs: item.MirandaStoneDust,  Fluid inputs:  Item outputs: gt.metaitem.01.2057, gt.metaitem.01.2840, gt.bwMetaGenerateddust.70, gt.metaitem.01.2884, gt.metaitem.01.2030, gt.metaitem.01.2083,  Fluid outputs: fluid.argon, 
Recipe edited: Item inputs: item.MirandaStoneDust,  Fluid inputs:  Item outputs: gt.metaitem.01.2057, gt.metaitem.01.2840, gt.bwMetaGenerateddust.70, gt.metaitem.01.2884, gt.metaitem.01.2030, gt.metaitem.01.2083,  Fluid outputs: fluid.argon, 
Recipe edited: Item inputs: item.CentauriASurfaceDust,  Fluid inputs:  Item outputs: gt.bwMetaGenerateddust.70, gt.metaitem.01.2326, item.draconicevolution:draconiumDust, gt.metaitem.01.2084, item.avaritia_resource.neutron_pile, gt.metaitem.01.2394,  Fluid outputs: fluid.mercury, 
Recipe edited: Item inputs: item.CentauriASurfaceDust,  Fluid inputs:  Item outputs: gt.bwMetaGenerateddust.70, gt.metaitem.01.2326, item.draconicevolution:draconiumDust, gt.bwMetaGenerateddust.70, item.avaritia_resource.neutron_pile, gt.metaitem.01.2394,  Fluid outputs: fluid.mercury, 
Recipe edited: Item inputs: item.CentauriAStoneDust,  Fluid inputs:  Item outputs: gt.metaitem.01.2083, gt.metaitem.01.2326, gt.metaitem.01.2129, gt.metaitem.01.2388, item.avaritia_resource.neutron_pile, gt.metaitem.01.2394,  Fluid outputs: fluid.mercury, 
Recipe edited: Item inputs: item.for.beeCombs.irradiated,  Fluid inputs:  Item outputs: item.for.beeswax, gt.bwMetaGenerateddust.70,  Fluid outputs: 
Recipe edited: Item inputs: item.itemDustBotmium,  Fluid inputs:  Item outputs: item.itemDustNitinol60, gt.metaitem.01.2083, gt.bwMetaGenerateddust.64, item.itemDustThallium,  Fluid outputs: 
Recipe edited: Item inputs: item.itemDustBotmium,  Fluid inputs:  Item outputs: item.itemDustNitinol60, gt.bwMetaGenerateddust.69, gt.bwMetaGenerateddust.64, item.itemDustThallium,  Fluid outputs: 
Recipe edited: Item inputs: item.dustPureIrarsite,  Fluid inputs:  Item outputs: item.itemDustIrarsite, gt.bwMetaGenerateddust.70,  Fluid outputs: 
Recipe edited: Item inputs: item.dustImpureIrarsite,  Fluid inputs:  Item outputs: item.itemDustIrarsite, gt.bwMetaGenerateddust.64,  Fluid outputs: 
Recipe edited: Item inputs: item.dustPureMiessiite,  Fluid inputs:  Item outputs: item.itemDustMiessiite, gt.metaitem.01.2052,  Fluid outputs: 
Recipe edited: Item inputs: item.dustPureKashinite,  Fluid inputs:  Item outputs: item.itemDustKashinite, gt.bwMetaGenerateddust.70,  Fluid outputs: 
Recipe edited: Item inputs: item.dustImpureKashinite,  Fluid inputs:  Item outputs: item.itemDustKashinite, gt.bwMetaGenerateddust.78,  Fluid outputs: 
Recipe edited: Item inputs: gt.metaitem.01.2241,  Fluid inputs:  Item outputs: gt.metaitem.01.2837, gt.metaitem.01.2086, gt.metaitem.01.2085, gt.metaitem.01.2052, gt.metaitem.01.2084, gt.metaitem.01.2083,  Fluid outputs: 
Recipe edited: Item inputs: gt.metaitem.01.2241,  Fluid inputs:  Item outputs: gt.metaitem.01.2837, gt.metaitem.01.2086, gt.bwMetaGenerateddust.47, gt.metaitem.01.2052, gt.metaitem.01.2084, gt.metaitem.01.2083,  Fluid outputs: 
Recipe edited: Item inputs: gt.metaitem.01.2241,  Fluid inputs:  Item outputs: gt.metaitem.01.2837, gt.metaitem.01.2086, gt.bwMetaGenerateddust.47, gt.bwMetaGenerateddust.53, gt.bwMetaGenerateddust.70, gt.metaitem.01.2083,  Fluid outputs: 
Recipe edited: Item inputs: gt.metaitem.01.2241,  Fluid inputs:  Item outputs: gt.metaitem.01.2837, gt.metaitem.01.2086, gt.bwMetaGenerateddust.47, gt.bwMetaGenerateddust.53, gt.bwMetaGenerateddust.70, gt.metaitem.01.2083,  Fluid outputs: 
Recipe edited: Item inputs: gt.metaitem.01.2808,  Fluid inputs:  Item outputs: gt.metaitem.01.2841, gt.metaitem.01.2085, tile.sand.default,  Fluid outputs: fluid.helium, 
Recipe edited: Item inputs: gt.metaitem.01.2331,  Fluid inputs:  Item outputs: gt.metaitem.01.2085, gt.metaitem.01.2330,  Fluid outputs: 
Recipe edited: Item inputs: gt.metaitem.01.4085,  Fluid inputs:  Item outputs: gt.metaitem.01.2085, gt.metaitem.01.2084,  Fluid outputs: 
Recipe edited: Item inputs: gt.metaitem.01.4085,  Fluid inputs:  Item outputs: gt.bwMetaGenerateddust.47, gt.bwMetaGenerateddust.70,  Fluid outputs: 
Recipe edited: Item inputs: gt.metaitem.01.4052,  Fluid inputs:  Item outputs: gt.metaitem.01.2052, gt.metaitem.01.2052,  Fluid outputs: 
Recipe edited: Item inputs: gt.metaitem.01.4052,  Fluid inputs:  Item outputs: gt.bwMetaGenerateddust.53, gt.metaitem.01.2052,  Fluid outputs: 
Recipe edited: Item inputs: gt.metaitem.01.3083,  Fluid inputs:  Item outputs: gt.metaitem.01.2083, gt.metaitem.01.2084,  Fluid outputs: 
Recipe edited: Item inputs: gt.metaitem.01.3083,  Fluid inputs:  Item outputs: gt.bwMetaGenerateddust.69, gt.bwMetaGenerateddust.70,  Fluid outputs: 
Recipe edited: Item inputs: gt.metaitem.01.3084,  Fluid inputs:  Item outputs: gt.bwMetaGenerateddust.70, gt.metaitem.01.2085,  Fluid outputs: 
Recipe edited: Item inputs: gt.metaitem.01.3084,  Fluid inputs:  Item outputs: gt.bwMetaGenerateddust.70, gt.metaitem.01.2085,  Fluid outputs: 
Recipe edited: Item inputs: gt.metaitem.01.3828,  Fluid inputs:  Item outputs: gt.metaitem.01.2828, gt.metaitem.01.2052,  Fluid outputs: 
Recipe edited: Item inputs: gt.metaitem.01.4084,  Fluid inputs:  Item outputs: gt.bwMetaGenerateddust.70, gt.metaitem.01.2083,  Fluid outputs: 
Recipe edited: Item inputs: gt.metaitem.01.4084,  Fluid inputs:  Item outputs: gt.bwMetaGenerateddust.70, gt.metaitem.01.2083,  Fluid outputs: 
Recipe edited: Item inputs: gt.metaitem.01.3085,  Fluid inputs:  Item outputs: gt.metaitem.01.2085, gt.metaitem.01.2034,  Fluid outputs: 
Recipe edited: Item inputs: gt.metaitem.01.4083,  Fluid inputs:  Item outputs: gt.metaitem.01.2083, gt.metaitem.01.2084,  Fluid outputs: 
Recipe edited: Item inputs: gt.metaitem.01.4083,  Fluid inputs:  Item outputs: gt.bwMetaGenerateddust.69, gt.bwMetaGenerateddust.70,  Fluid outputs: 
Recipe edited: Item inputs: gt.metaitem.01.4034,  Fluid inputs:  Item outputs: gt.metaitem.01.2034, gt.metaitem.01.2085,  Fluid outputs: 
Recipe edited: Item inputs: gt.metaitem.01.4331,  Fluid inputs:  Item outputs: gt.metaitem.01.2331, gt.metaitem.01.2085,  Fluid outputs: 
Recipe edited: Item inputs: gt.metaitem.01.3052,  Fluid inputs:  Item outputs: gt.metaitem.01.2052, gt.metaitem.01.2052,  Fluid outputs: 
Recipe edited: Item inputs: gt.metaitem.01.3052,  Fluid inputs:  Item outputs: gt.bwMetaGenerateddust.53, gt.metaitem.01.2052,  Fluid outputs: 
Recipe edited: Item inputs: gt.metaitem.01.2828,  Fluid inputs:  Item outputs: gt.metaitem.01.2085, gt.metaitem.01.2034, gt.metaitem.01.2022, gt.metaitem.01.2052,  Fluid outputs: 
Recipe edited: Item inputs: gt.metaitem.01.2828,  Fluid inputs:  Item outputs: gt.bwMetaGenerateddust.47, gt.metaitem.01.2034, gt.metaitem.01.2022, gt.metaitem.01.2052,  Fluid outputs: 
Recipe edited: Item inputs: gt.metaitem.01.3331,  Fluid inputs:  Item outputs: gt.metaitem.01.2331, gt.metaitem.01.2085,  Fluid outputs: 
Recipe edited: Item inputs: item.gt.comb,  Fluid inputs:  Item outputs: item.redstone, gt.metaitem.01.2089, gt.metaitem.01.2535, gt.metaitem.01.2083, item.gt.drop, gt.metaitem.01.2516, gt.metaitem.01.2505, gt.metaitem.01.2086, gt.metaitem.01.2324, item.coal, gt.metaitem.01.2054, gt.metaitem.01.2028, gt.metaitem.01.2305, ic2.itemFuelPlantBall, item.ItemShard.5, gt.metaitem.01.2299, gt.metaitem.01.2084, item.ItemShard.3, gt.metaitem.01.2034, item.ItemShard.1, gt.metaitem.01.2019, gt.metaitem.01.2501, gt.metaitem.01.2031, enderio.conductiveIron, gt.metaitem.01.2085, gt.metaitem.01.2330, gt.metaitem.01.2500, gt.metaitem.01.2035, gt.metaitem.01.2036, gt.metaitem.01.2504, gt.metaitem.01.2503, item.appliedenergistics2.ItemMaterial.FluixDust, gt.metaitem.01.2526, gt.metaitem.01.2502, gt.metaitem.01.2030, gt.metaitem.01.2032, ic2.itemHarz, item.ItemShard.0, item.ItemShard.2, item.ItemShard.6, item.ItemShard.4, gt.metaitem.01.2010, gt.metaitem.01.2308, gt.metaitem.01.2538, enderio.redstoneAlloy, gt.metaitem.01.2057, gt.metaitem.01.2097, gt.metaitem.01.2081, enderio.energeticAlloy,  Fluid outputs: 
Recipe edited: Item inputs: item.gt.comb,  Fluid inputs:  Item outputs: item.redstone, gt.metaitem.01.2089, gt.metaitem.01.2535, gt.bwMetaGenerateddust.69, item.gt.drop, gt.metaitem.01.2516, gt.metaitem.01.2505, gt.metaitem.01.2086, gt.metaitem.01.2324, item.coal, gt.metaitem.01.2054, gt.metaitem.01.2028, gt.metaitem.01.2305, ic2.itemFuelPlantBall, item.ItemShard.5, gt.metaitem.01.2299, gt.bwMetaGenerateddust.70, item.ItemShard.3, gt.metaitem.01.2034, item.ItemShard.1, gt.metaitem.01.2019, gt.metaitem.01.2501, gt.metaitem.01.2031, enderio.conductiveIron, gt.metaitem.01.2085, gt.metaitem.01.2330, gt.metaitem.01.2500, gt.metaitem.01.2035, gt.metaitem.01.2036, gt.metaitem.01.2504, gt.metaitem.01.2503, item.appliedenergistics2.ItemMaterial.FluixDust, gt.metaitem.01.2526, gt.metaitem.01.2502, gt.metaitem.01.2030, gt.metaitem.01.2032, ic2.itemHarz, item.ItemShard.0, item.ItemShard.2, item.ItemShard.6, item.ItemShard.4, gt.metaitem.01.2010, gt.metaitem.01.2308, gt.metaitem.01.2538, enderio.redstoneAlloy, gt.metaitem.01.2057, gt.metaitem.01.2097, gt.metaitem.01.2081, enderio.energeticAlloy,  Fluid outputs: 
Recipe edited: Item inputs: item.gt.comb,  Fluid inputs:  Item outputs: item.redstone, gt.metaitem.01.2089, gt.metaitem.01.2535, gt.bwMetaGenerateddust.69, item.gt.drop, gt.metaitem.01.2516, gt.metaitem.01.2505, gt.metaitem.01.2086, gt.metaitem.01.2324, item.coal, gt.metaitem.01.2054, gt.metaitem.01.2028, gt.metaitem.01.2305, ic2.itemFuelPlantBall, item.ItemShard.5, gt.metaitem.01.2299, gt.bwMetaGenerateddust.70, item.ItemShard.3, gt.metaitem.01.2034, item.ItemShard.1, gt.metaitem.01.2019, gt.metaitem.01.2501, gt.metaitem.01.2031, enderio.conductiveIron, gt.metaitem.01.2085, gt.metaitem.01.2330, gt.metaitem.01.2500, gt.metaitem.01.2035, gt.metaitem.01.2036, gt.metaitem.01.2504, gt.metaitem.01.2503, item.appliedenergistics2.ItemMaterial.FluixDust, gt.metaitem.01.2526, gt.metaitem.01.2502, gt.metaitem.01.2030, gt.metaitem.01.2032, ic2.itemHarz, item.ItemShard.0, item.ItemShard.2, item.ItemShard.6, item.ItemShard.4, gt.metaitem.01.2010, gt.metaitem.01.2308, gt.metaitem.01.2538, enderio.redstoneAlloy, gt.metaitem.01.2057, gt.metaitem.01.2097, gt.metaitem.01.2081, enderio.energeticAlloy,  Fluid outputs: 
Processing recipmap: gt.recipe.purificationplantplasmaheating
Processing recipmap: gt.recipe.scanner
Processing recipmap: gt.recipe.dieselgeneratorfuel
Processing recipmap: gtpp.recipe.cyclotron
Processing recipmap: gtpp.recipe.semifluidgeneratorfuels
Processing recipmap: gtpp.recipe.cryogenicfreezer
Processing recipmap: ggfab.recipe.toolcast
Processing recipmap: gt.recipe.packager
Processing recipmap: gt.recipe.fluidcanner
Recipe marked for deletion: Item inputs: item.itemCellRhodium,  Fluid inputs:  Item outputs: ic2.itemCellEmpty,  Fluid outputs: fluid.molten.rhodium, 
Recipe marked for deletion: Item inputs: gt.metaitem.99.85,  Fluid inputs:  Item outputs: ic2.itemCellEmpty,  Fluid outputs: fluid.molten.platinum, 
Recipe marked for deletion: Item inputs: gt.metaitem.99.83,  Fluid inputs:  Item outputs: ic2.itemCellEmpty,  Fluid outputs: fluid.molten.osmium, 
Recipe marked for deletion: Item inputs: gt.metaitem.99.84,  Fluid inputs:  Item outputs: ic2.itemCellEmpty,  Fluid outputs: fluid.molten.iridium, 
Recipe marked for deletion: Item inputs: item.itemCellRuthenium,  Fluid inputs:  Item outputs: ic2.itemCellEmpty,  Fluid outputs: fluid.molten.ruthenium, 
Recipe marked for deletion: Item inputs: gt.bwMetaGeneratedGTEnhancementcapsuleMolten.58,  Fluid inputs:  Item outputs: item.for.refractoryEmpty,  Fluid outputs: fluid.molten.iridium, 
Recipe marked for deletion: Item inputs: gt.bwMetaGeneratedGTEnhancementcapsuleMolten.74,  Fluid inputs:  Item outputs: item.for.refractoryEmpty,  Fluid outputs: fluid.molten.osmium, 
Recipe marked for deletion: Item inputs: gt.bwMetaGeneratedGTEnhancementcapsuleMolten.78,  Fluid inputs:  Item outputs: item.for.refractoryEmpty,  Fluid outputs: fluid.molten.platinum, 
Recipe marked for deletion: Item inputs: gt.bwMetaGeneratedcapsuleMolten.78,  Fluid inputs:  Item outputs: item.for.refractoryEmpty,  Fluid outputs: fluid.molten.rhodium, 
Recipe marked for deletion: Item inputs: gt.bwMetaGeneratedcapsuleMolten.64,  Fluid inputs:  Item outputs: item.for.refractoryEmpty,  Fluid outputs: fluid.molten.ruthenium, 
Recipe marked for deletion: Item inputs: gt.bwMetaGeneratedcellMolten.78,  Fluid inputs:  Item outputs: ic2.itemCellEmpty,  Fluid outputs: fluid.molten.rhodium, 
Recipe marked for deletion: Item inputs: gt.bwMetaGeneratedcellMolten.64,  Fluid inputs:  Item outputs: ic2.itemCellEmpty,  Fluid outputs: fluid.molten.ruthenium, 
Processing recipmap: gt.recipe.spaceResearch
Processing recipmap: gt.recipe.hammer
Recipe edited: Item inputs: gt.metaitem.01.5052,  Fluid inputs:  Item outputs: gt.metaitem.01.3052,  Fluid outputs: 
Recipe edited: Item inputs: gt.metaitem.01.5084,  Fluid inputs:  Item outputs: gt.bwMetaGenerateddust.70,  Fluid outputs: 
Recipe edited: Item inputs: gt.metaitem.01.7084,  Fluid inputs:  Item outputs: gt.bwMetaGenerateddust.70,  Fluid outputs: 
Recipe edited: Item inputs: gt.metaitem.01.7083,  Fluid inputs:  Item outputs: gt.metaitem.01.2083,  Fluid outputs: 
Recipe edited: Item inputs: gt.metaitem.01.6084,  Fluid inputs:  Item outputs: gt.bwMetaGenerateddust.70,  Fluid outputs: 
Recipe edited: Item inputs: gt.metaitem.01.7052,  Fluid inputs:  Item outputs: gt.metaitem.01.2052,  Fluid outputs: 
Recipe edited: Item inputs: gt.metaitem.01.5085,  Fluid inputs:  Item outputs: gt.metaitem.01.3085,  Fluid outputs: 
Recipe edited: Item inputs: gt.metaitem.01.7085,  Fluid inputs:  Item outputs: gt.metaitem.01.2085,  Fluid outputs: 
Recipe edited: Item inputs: gt.metaitem.01.6052,  Fluid inputs:  Item outputs: gt.metaitem.01.4052,  Fluid outputs: 
Recipe edited: Item inputs: gt.metaitem.01.5083,  Fluid inputs:  Item outputs: gt.metaitem.01.3083,  Fluid outputs: 
Recipe edited: Item inputs: gt.metaitem.01.6083,  Fluid inputs:  Item outputs: gt.metaitem.01.4083,  Fluid outputs: 
Recipe edited: Item inputs: gt.metaitem.01.6085,  Fluid inputs:  Item outputs: gt.metaitem.01.4085,  Fluid outputs: 
Processing recipmap: gt.recipe.metalbender
Processing recipmap: bw.fuels.acidgens
Processing recipmap: gt.recipe.hugenaquadahreactor
Processing hv circuit materials (circuit assembler map)
Recipe edited: Item inputs: gt.metaitem.03.32106, gt.metaitem.01.32703, gt.metaitem.01.32715, gt.metaitem.03.32039, gt.metaitem.02.19303, gt.metaitem.01.26309,  Fluid inputs: fluid.molten.lead,  Item outputs: gt.metaitem.01.32704,  Fluid outputs: 
Recipe edited: Item inputs: gt.metaitem.03.32106, gt.metaitem.01.32703, gt.metaitem.03.32025, gt.metaitem.03.32039, gt.metaitem.02.19303, gt.metaitem.01.26309,  Fluid inputs: fluid.molten.lead,  Item outputs: gt.metaitem.01.32704,  Fluid outputs: 
Recipe edited: Item inputs: gt.metaitem.03.32106, gt.metaitem.01.32703, gt.metaitem.01.32715, gt.metaitem.03.32039, gt.metaitem.02.19303, gt.metaitem.01.26309,  Fluid inputs: fluid.molten.solderingalloy,  Item outputs: gt.metaitem.01.32704,  Fluid outputs: 
Recipe edited: Item inputs: gt.metaitem.03.32106, gt.metaitem.01.32703, gt.metaitem.03.32025, gt.metaitem.03.32039, gt.metaitem.02.19303, gt.metaitem.01.26309,  Fluid inputs: fluid.molten.solderingalloy,  Item outputs: gt.metaitem.01.32704,  Fluid outputs: 
Recipe edited: Item inputs: gt.metaitem.03.32106, gt.metaitem.01.32703, gt.metaitem.01.32715, gt.metaitem.03.32039, gt.metaitem.02.19303, gt.metaitem.01.26309,  Fluid inputs: fluid.molten.tin,  Item outputs: gt.metaitem.01.32704,  Fluid outputs: 
Recipe edited: Item inputs: gt.metaitem.03.32106, gt.metaitem.01.32703, gt.metaitem.03.32025, gt.metaitem.03.32039, gt.metaitem.02.19303, gt.metaitem.01.26309,  Fluid inputs: fluid.molten.tin,  Item outputs: gt.metaitem.01.32704,  Fluid outputs: 
GoodGenerator: Begin to remove pure Naquadah, Enriched Naquadah and Naquadria.
recipe edited: Item inputs: gt.metaitem.01.5327,  Fluid inputs:  Item outputs: gt.metaitem.01.3327, gt.bwMetaGenerateddust.10072,  Fluid outputs: 
recipe edited: Item inputs: gt.metaitem.03.5326,  Fluid inputs:  Item outputs: gt.metaitem.01.5326, gt.bwMetaGenerateddust.10054, gt.metaitem.01.2299,  Fluid outputs: 
recipe edited: Item inputs: gt.blockores.5326,  Fluid inputs:  Item outputs: gt.metaitem.01.5326, gt.bwMetaGenerateddust.10054, gt.metaitem.01.2845,  Fluid outputs: 
recipe edited: Item inputs: tile.gcewing_sg:naquadahOre,  Fluid inputs:  Item outputs: gt.metaitem.01.5324, gt.bwMetaGenerateddust.10067, gt.metaitem.01.2299,  Fluid outputs: 
recipe edited: Item inputs: gt.blockores.324,  Fluid inputs:  Item outputs: gt.metaitem.01.5324, gt.bwMetaGenerateddust.10067, gt.metaitem.01.2299,  Fluid outputs: 
recipe edited: Item inputs: gt.metaitem.01.5326,  Fluid inputs:  Item outputs: gt.metaitem.01.3326, gt.bwMetaGenerateddust.10054,  Fluid outputs: 
recipe edited: Item inputs: gt.blockores.6326,  Fluid inputs:  Item outputs: gt.metaitem.01.5326, gt.bwMetaGenerateddust.10054, gt.metaitem.01.2844,  Fluid outputs: 
recipe edited: Item inputs: gt.blockores.1326,  Fluid inputs:  Item outputs: gt.metaitem.01.5326, gt.bwMetaGenerateddust.10054, gt.metaitem.01.2807,  Fluid outputs: 
recipe edited: Item inputs: gt.metaitem.03.5324,  Fluid inputs:  Item outputs: gt.metaitem.01.5324, gt.bwMetaGenerateddust.10067, gt.metaitem.01.2299,  Fluid outputs: 
recipe edited: Item inputs: gt.metaitem.01.7327,  Fluid inputs:  Item outputs: gt.bwMetaGenerateddust.10072, gt.bwMetaGenerateddust.10072,  Fluid outputs: 
recipe edited: Item inputs: gt.metaitem.01.7324,  Fluid inputs:  Item outputs: gt.bwMetaGenerateddust.10054, gt.bwMetaGenerateddust.10067,  Fluid outputs: 
recipe edited: Item inputs: gt.metaitem.01.7326,  Fluid inputs:  Item outputs: gt.bwMetaGenerateddust.10067, gt.bwMetaGenerateddust.10072,  Fluid outputs: 
recipe edited: Item inputs: gt.blockores.1327,  Fluid inputs:  Item outputs: gt.metaitem.01.5327, gt.bwMetaGenerateddust.10072, gt.metaitem.01.2807,  Fluid outputs: 
recipe edited: Item inputs: gt.blockores.2324,  Fluid inputs:  Item outputs: gt.metaitem.01.5324, gt.bwMetaGenerateddust.10067, gt.metaitem.01.2808,  Fluid outputs: 
recipe edited: Item inputs: gt.blockores.2327,  Fluid inputs:  Item outputs: gt.metaitem.01.5327, gt.bwMetaGenerateddust.10072, gt.metaitem.01.2808,  Fluid outputs: 
recipe edited: Item inputs: gt.metaitem.01.6327,  Fluid inputs:  Item outputs: gt.metaitem.01.4327, gt.bwMetaGenerateddust.10072,  Fluid outputs: 
recipe edited: Item inputs: gt.blockores.4327,  Fluid inputs:  Item outputs: gt.metaitem.01.5327, gt.bwMetaGenerateddust.10072, gt.metaitem.01.2850,  Fluid outputs: 
recipe edited: Item inputs: gt.blockores.4324,  Fluid inputs:  Item outputs: gt.metaitem.01.5324, gt.bwMetaGenerateddust.10067, gt.metaitem.01.2850,  Fluid outputs: 
recipe edited: Item inputs: gt.blockores.326,  Fluid inputs:  Item outputs: gt.metaitem.01.5326, gt.bwMetaGenerateddust.10054, gt.metaitem.01.2299,  Fluid outputs: 
recipe edited: Item inputs: gt.blockores.4326,  Fluid inputs:  Item outputs: gt.metaitem.01.5326, gt.bwMetaGenerateddust.10054, gt.metaitem.01.2850,  Fluid outputs: 
recipe edited: Item inputs: gt.metaitem.01.6324,  Fluid inputs:  Item outputs: gt.metaitem.01.4324, gt.bwMetaGenerateddust.10067,  Fluid outputs: 
recipe edited: Item inputs: gt.blockores.6324,  Fluid inputs:  Item outputs: gt.metaitem.01.5324, gt.bwMetaGenerateddust.10067, gt.metaitem.01.2844,  Fluid outputs: 
recipe edited: Item inputs: gt.blockores.1324,  Fluid inputs:  Item outputs: gt.metaitem.01.5324, gt.bwMetaGenerateddust.10067, gt.metaitem.01.2807,  Fluid outputs: 
recipe edited: Item inputs: gt.blockores.6327,  Fluid inputs:  Item outputs: gt.metaitem.01.5327, gt.bwMetaGenerateddust.10072, gt.metaitem.01.2844,  Fluid outputs: 
recipe edited: Item inputs: gt.blockores.327,  Fluid inputs:  Item outputs: gt.metaitem.01.5327, gt.bwMetaGenerateddust.10072, gt.metaitem.01.2299,  Fluid outputs: 
recipe edited: Item inputs: gt.blockores.2326,  Fluid inputs:  Item outputs: gt.metaitem.01.5326, gt.bwMetaGenerateddust.10054, gt.metaitem.01.2808,  Fluid outputs: 
recipe edited: Item inputs: gt.blockores.3327,  Fluid inputs:  Item outputs: gt.metaitem.01.5327, gt.bwMetaGenerateddust.10072, gt.metaitem.01.2849,  Fluid outputs: 
recipe edited: Item inputs: gt.metaitem.01.5324,  Fluid inputs:  Item outputs: gt.metaitem.01.3324, gt.bwMetaGenerateddust.10067,  Fluid outputs: 
recipe edited: Item inputs: gt.metaitem.01.6326,  Fluid inputs:  Item outputs: gt.metaitem.01.4326, gt.bwMetaGenerateddust.10072,  Fluid outputs: 
recipe edited: Item inputs: gt.blockores.5327,  Fluid inputs:  Item outputs: gt.metaitem.01.5327, gt.bwMetaGenerateddust.10072, gt.metaitem.01.2845,  Fluid outputs: 
recipe edited: Item inputs: gt.blockores.3326,  Fluid inputs:  Item outputs: gt.metaitem.01.5326, gt.bwMetaGenerateddust.10054, gt.metaitem.01.2849,  Fluid outputs: 
recipe edited: Item inputs: gt.metaitem.03.5327,  Fluid inputs:  Item outputs: gt.metaitem.01.5327, gt.bwMetaGenerateddust.10072, gt.metaitem.01.2299,  Fluid outputs: 
recipe edited: Item inputs: gt.blockores.3324,  Fluid inputs:  Item outputs: gt.metaitem.01.5324, gt.bwMetaGenerateddust.10067, gt.metaitem.01.2849,  Fluid outputs: 
recipe edited: Item inputs: gt.blockores.5324,  Fluid inputs:  Item outputs: gt.metaitem.01.5324, gt.bwMetaGenerateddust.10067, gt.metaitem.01.2845,  Fluid outputs: 
GoodGenerator: Replace 34! Crusher done!
recipe edited: Item inputs: gt.metaitem.01.5327,  Fluid inputs: fluid.tile.water,  Item outputs: gt.metaitem.01.6327, gt.bwMetaGenerateddust.10072, gt.metaitem.01.2299,  Fluid outputs: 
recipe edited: Item inputs: gt.metaitem.01.5327,  Fluid inputs: ic2.fluidDistilledWater,  Item outputs: gt.metaitem.01.6327, gt.bwMetaGenerateddust.10072, gt.metaitem.01.2299,  Fluid outputs: 
recipe edited: Item inputs: gt.metaitem.01.5326,  Fluid inputs: fluid.tile.water,  Item outputs: gt.metaitem.01.6326, gt.bwMetaGenerateddust.10054, gt.metaitem.01.2299,  Fluid outputs: 
recipe edited: Item inputs: gt.metaitem.01.5326,  Fluid inputs: ic2.fluidDistilledWater,  Item outputs: gt.metaitem.01.6326, gt.bwMetaGenerateddust.10054, gt.metaitem.01.2299,  Fluid outputs: 
recipe edited: Item inputs: gt.metaitem.01.5324,  Fluid inputs: fluid.tile.water,  Item outputs: gt.metaitem.01.6324, gt.bwMetaGenerateddust.10067, gt.metaitem.01.2299,  Fluid outputs: 
recipe edited: Item inputs: gt.metaitem.01.5324,  Fluid inputs: ic2.fluidDistilledWater,  Item outputs: gt.metaitem.01.6324, gt.bwMetaGenerateddust.10067, gt.metaitem.01.2299,  Fluid outputs: 
GoodGenerator: Replace 6! Washer done!
recipe edited: Item inputs: gt.metaitem.01.5327,  Fluid inputs:  Item outputs: gt.metaitem.01.7327, gt.bwMetaGenerateddust.10072, gt.metaitem.01.2299,  Fluid outputs: 
recipe edited: Item inputs: gt.metaitem.01.5326,  Fluid inputs:  Item outputs: gt.metaitem.01.7326, gt.bwMetaGenerateddust.10072, gt.metaitem.01.2299,  Fluid outputs: 
recipe edited: Item inputs: gt.metaitem.01.6327,  Fluid inputs:  Item outputs: gt.metaitem.01.7327, gt.bwMetaGenerateddust.10072,  Fluid outputs: 
recipe edited: Item inputs: gt.metaitem.01.6324,  Fluid inputs:  Item outputs: gt.metaitem.01.7324, gt.bwMetaGenerateddust.10067,  Fluid outputs: 
recipe edited: Item inputs: gt.metaitem.01.5324,  Fluid inputs:  Item outputs: gt.metaitem.01.7324, gt.bwMetaGenerateddust.10067, gt.metaitem.01.2299,  Fluid outputs: 
recipe edited: Item inputs: gt.metaitem.01.6326,  Fluid inputs:  Item outputs: gt.metaitem.01.7326, gt.bwMetaGenerateddust.10072,  Fluid outputs: 
GoodGenerator: Replace 6! Thermal Centrifuge done!
recipe edited: Item inputs: item.CeresStoneDust,  Fluid inputs:  Item outputs: gt.metaitem.01.2340, gt.metaitem.01.2008, gt.bwMetaGenerateddust.47, gt.metaitem.01.2028, gt.metaitem.01.2081, gt.bwMetaGenerateddust.10054,  Fluid outputs: 
recipe edited: Item inputs: item.EuropaIceDust,  Fluid inputs:  Item outputs: gt.metaitem.01.2390, gt.metaitem.01.2526, gt.metaitem.01.2524, gt.metaitem.01.2393, gt.metaitem.01.2063, gt.bwMetaGenerateddust.10054,  Fluid outputs: fluid.oxygen, 
recipe edited: Item inputs: item.EnceladusIceDust,  Fluid inputs:  Item outputs: gt.metaitem.01.2398, gt.metaitem.01.2030, gt.bwMetaGenerateddust.70, gt.metaitem.01.2390, gt.metaitem.01.2868, gt.bwMetaGenerateddust.10054,  Fluid outputs: fluid.oxygen, 
recipe edited: Item inputs: item.EnceladusStoneDust,  Fluid inputs:  Item outputs: gt.metaitem.01.2030, gt.bwMetaGenerateddust.70, gt.bwMetaGenerateddust.69, gt.metaitem.01.2398, gt.metaitem.01.2868, gt.bwMetaGenerateddust.10054,  Fluid outputs: fluid.nitrogen, 
recipe edited: Item inputs: item.OberonStoneDust,  Fluid inputs:  Item outputs: gt.bwMetaGenerateddust.70, gt.bwMetaGenerateddust.69, gt.bwMetaGenerateddust.10054, gt.metaitem.01.2097, gt.metaitem.01.2101, gt.metaitem.01.2868,  Fluid outputs: fluid.argon, 
recipe edited: Item inputs: item.PlutoIceDust,  Fluid inputs:  Item outputs: gt.metaitem.01.2096, gt.metaitem.01.2098, gt.metaitem.01.2100, gt.metaitem.01.2388, gt.metaitem.01.2390, gt.bwMetaGenerateddust.10054,  Fluid outputs: 
recipe edited: Item inputs: item.PlutoStoneDust,  Fluid inputs:  Item outputs: gt.metaitem.01.2096, gt.metaitem.01.2098, gt.metaitem.01.2388, gt.metaitem.01.2527, gt.metaitem.01.2528, gt.bwMetaGenerateddust.10054,  Fluid outputs: 
recipe edited: Item inputs: item.HaumeaStoneDust,  Fluid inputs:  Item outputs: gt.metaitem.01.2323, gt.bwMetaGenerateddust.10054, gt.metaitem.01.2506, gt.metaitem.01.2064, gt.metaitem.01.2062, gt.metaitem.01.2065,  Fluid outputs: 
recipe edited: Item inputs: item.CentauriASurfaceDust,  Fluid inputs:  Item outputs: gt.bwMetaGenerateddust.70, gt.bwMetaGenerateddust.10067, item.draconicevolution:draconiumDust, gt.bwMetaGenerateddust.70, item.avaritia_resource.neutron_pile, gt.metaitem.01.2394,  Fluid outputs: fluid.mercury, 
recipe edited: Item inputs: item.CentauriAStoneDust,  Fluid inputs:  Item outputs: gt.bwMetaGenerateddust.69, gt.bwMetaGenerateddust.10067, gt.metaitem.01.2129, gt.metaitem.01.2388, item.avaritia_resource.neutron_pile, gt.metaitem.01.2394,  Fluid outputs: fluid.mercury, 
recipe edited: Item inputs: item.VegaBStoneDust,  Fluid inputs:  Item outputs: gt.metaitem.01.2097, gt.metaitem.01.2101, gt.metaitem.01.2070, gt.metaitem.01.2129, gt.bwMetaGenerateddust.10072, gt.metaitem.01.2976,  Fluid outputs: 
recipe edited: Item inputs: gt.metaitem.01.2324,  Fluid inputs:  Item outputs: gt.bwMetaGenerateddust.10067, gt.bwMetaGenerateddust.10072,  Fluid outputs: 
recipe edited: Item inputs: gt.metaitem.01.2326,  Fluid inputs:  Item outputs: gt.bwMetaGenerateddust.10072, gt.bwMetaGenerateddust.10054,  Fluid outputs: 
recipe edited: Item inputs: gt.metaitem.01.3326,  Fluid inputs:  Item outputs: gt.bwMetaGenerateddust.10067, gt.bwMetaGenerateddust.10054,  Fluid outputs: 
recipe edited: Item inputs: gt.metaitem.01.3324,  Fluid inputs:  Item outputs: gt.bwMetaGenerateddust.10054, gt.bwMetaGenerateddust.10067,  Fluid outputs: 
recipe edited: Item inputs: gt.metaitem.01.4324,  Fluid inputs:  Item outputs: gt.bwMetaGenerateddust.10054, gt.bwMetaGenerateddust.10067,  Fluid outputs: 
recipe edited: Item inputs: gt.metaitem.01.4326,  Fluid inputs:  Item outputs: gt.bwMetaGenerateddust.10067, gt.bwMetaGenerateddust.10072,  Fluid outputs: 
recipe edited: Item inputs: gt.metaitem.01.3327,  Fluid inputs:  Item outputs: gt.bwMetaGenerateddust.10072, gt.bwMetaGenerateddust.10072,  Fluid outputs: 
recipe edited: Item inputs: gt.metaitem.01.4327,  Fluid inputs:  Item outputs: gt.bwMetaGenerateddust.10072, gt.bwMetaGenerateddust.10072,  Fluid outputs: 
GoodGenerator: Replace 19! Centrifuge done!
recipe edited: Item inputs: gt.metaitem.01.7327,  Fluid inputs:  Item outputs: gt.bwMetaGenerateddust.10072,  Fluid outputs: 
recipe edited: Item inputs: gt.metaitem.01.7324,  Fluid inputs:  Item outputs: gt.bwMetaGenerateddust.10054,  Fluid outputs: 
recipe edited: Item inputs: gt.metaitem.01.7326,  Fluid inputs:  Item outputs: gt.bwMetaGenerateddust.10067,  Fluid outputs: 
GoodGenerator: Replace 3! Hammer done!
recipe edited: Item inputs: gt.metaitem.02.32535, gt.metaitem.01.5324,  Fluid inputs: fluid.tile.water,  Item outputs: gt.metaitem.01.6324,  Fluid outputs: fluid.enriched naquadah goo, 
recipe edited: Item inputs: gt.metaitem.02.32535, gt.metaitem.01.5326,  Fluid inputs: fluid.tile.water,  Item outputs: gt.metaitem.01.6326,  Fluid outputs: fluid.naquadah goo, 
recipe edited: Item inputs: gt.metaitem.02.32535, gt.metaitem.01.5327,  Fluid inputs: fluid.tile.water,  Item outputs: gt.metaitem.01.6327,  Fluid outputs: fluid.naquadria goo, 
GoodGenerator: Replace 3! Chemical Reactor done!
recipe edited: Item inputs: gt.metaitem.02.32535, gt.metaitem.01.5324,  Fluid inputs: fluid.tile.water,  Item outputs: gt.metaitem.01.6324,  Fluid outputs: fluid.enriched naquadah goo, 
recipe edited: Item inputs: gt.metaitem.02.32535, gt.metaitem.01.5326,  Fluid inputs: fluid.tile.water,  Item outputs: gt.metaitem.01.6326,  Fluid outputs: fluid.naquadah goo, 
recipe edited: Item inputs: gt.metaitem.02.32535, gt.metaitem.01.5327,  Fluid inputs: fluid.tile.water,  Item outputs: gt.metaitem.01.6327,  Fluid outputs: fluid.naquadria goo, 
GoodGenerator: Replace 3! Multi Chemical Reactor done!
recipe edited: Item inputs: gt.metaitem.01.3324,  Fluid inputs: fluid.tile.water,  Item outputs: gt.bwMetaGenerateddust.10054,  Fluid outputs: 
recipe edited: Item inputs: gt.metaitem.01.4324,  Fluid inputs: fluid.tile.water,  Item outputs: gt.bwMetaGenerateddust.10054,  Fluid outputs: 
recipe edited: Item inputs: gt.metaitem.01.3326,  Fluid inputs: fluid.tile.water,  Item outputs: gt.bwMetaGenerateddust.10067,  Fluid outputs: 
recipe edited: Item inputs: gt.metaitem.01.4326,  Fluid inputs: fluid.tile.water,  Item outputs: gt.bwMetaGenerateddust.10067,  Fluid outputs: 
recipe edited: Item inputs: gt.metaitem.01.3327,  Fluid inputs: fluid.tile.water,  Item outputs: gt.bwMetaGenerateddust.10072,  Fluid outputs: 
recipe edited: Item inputs: gt.metaitem.01.4327,  Fluid inputs: fluid.tile.water,  Item outputs: gt.bwMetaGenerateddust.10072,  Fluid outputs: 
GoodGenerator: Replace 6! Simple Washer done!
GoodGenerator: Replace 3! Cauldron Wash done!
GoodGenerator: Replace Unknown! Crafting Table done!
gtnhlanth: processing macerator recipesin the recipe of 'Crushed Rare Earth (III) Ore', replacing Cerium dust by Cerium Rich Mixture dust
in the recipe of 'Purified Crushed Rare Earth (III) Ore', replacing Cerium dust by Cerium Rich Mixture dust
in the recipe of 'Centrifuged Crushed Rare Earth (III) Ore', replacing Cerium dust by Cerium Rich Mixture dust
in the recipe of 'Crushed Gadolinite (Ce) Ore', replacing Cerium dust by Cerium Rich Mixture dust
in the recipe of 'Purified Crushed Gadolinite (Ce) Ore', replacing Cerium dust by Cerium Rich Mixture dust
in the recipe of 'Centrifuged Crushed Gadolinite (Ce) Ore', replacing Cerium dust by Cerium Rich Mixture dust
in the recipe of 'Crushed Florencite Ore', replacing Samarium dust by Samarium Ore Concentrate dust
in the recipe of 'Purified Crushed Florencite Ore', replacing Samarium dust by Samarium Ore Concentrate dust
in the recipe of 'Centrifuged Crushed Florencite Ore', replacing Samarium dust by Samarium Ore Concentrate dust
in the recipe of 'Crushed Gadolinite (Y) Ore', replacing Cerium dust by Cerium Rich Mixture dust
in the recipe of 'Purified Crushed Gadolinite (Y) Ore', replacing Cerium dust by Cerium Rich Mixture dust
in the recipe of 'Centrifuged Crushed Gadolinite (Y) Ore', replacing Cerium dust by Cerium Rich Mixture dust
in the recipe of 'Crushed Yttrocerite Ore', replacing Cerium dust by Cerium Rich Mixture dust
in the recipe of 'Purified Crushed Yttrocerite Ore', replacing Cerium dust by Cerium Rich Mixture dust
in the recipe of 'Centrifuged Crushed Yttrocerite Ore', replacing Cerium dust by Cerium Rich Mixture dust
in the recipe of 'Crushed Cerite Ore', replacing Cerium dust by Cerium Rich Mixture dust
in the recipe of 'Purified Crushed Cerite Ore', replacing Cerium dust by Cerium Rich Mixture dust
in the recipe of 'Centrifuged Crushed Cerite Ore', replacing Cerium dust by Cerium Rich Mixture dust
in the recipe of 'Crushed Lanthanite (Ce) Ore', replacing Cerium dust by Cerium Rich Mixture dust
in the recipe of 'Purified Crushed Lanthanite (Ce) Ore', replacing Cerium dust by Cerium Rich Mixture dust
in the recipe of 'Centrifuged Crushed Lanthanite (Ce) Ore', replacing Cerium dust by Cerium Rich Mixture dust
in the recipe of 'Cerium Ore', replacing Cerium dust by Cerium Rich Mixture dust
in the recipe of 'Purified Rubracium Ore', replacing Samarium dust by Samarium Ore Concentrate dust
in the recipe of 'Rubracium Ore', replacing Samarium dust by Samarium Ore Concentrate dust
in the recipe of 'Crushed Cerium Ore', replacing Cerium dust by Cerium Rich Mixture dust
in the recipe of 'Cerium Ore', replacing Cerium dust by Cerium Rich Mixture dust
in the recipe of 'Mytryl Ore', replacing Samarium dust by Samarium Ore Concentrate dust
in the recipe of 'Samarium Ore', replacing Samarium dust by Samarium Ore Concentrate dust
in the recipe of 'Mytryl Ore', replacing Samarium dust by Samarium Ore Concentrate dust
in the recipe of 'Centrifuged Cerium Ore', replacing Cerium dust by Cerium Rich Mixture dust
in the recipe of 'Centrifuged Cerium Ore', replacing Cerium dust by Cerium Rich Mixture dust
in the recipe of 'Samarium Ore', replacing Samarium dust by Samarium Ore Concentrate dust
in the recipe of 'Mytryl Ore', replacing Samarium dust by Samarium Ore Concentrate dust
in the recipe of 'Cerium Ore', replacing Cerium dust by Cerium Rich Mixture dust
in the recipe of 'Mytryl Ore', replacing Samarium dust by Samarium Ore Concentrate dust
in the recipe of 'Rubracium Ore', replacing Samarium dust by Samarium Ore Concentrate dust
in the recipe of 'Cerium Ore', replacing Cerium dust by Cerium Rich Mixture dust
in the recipe of 'Rubracium Ore', replacing Samarium dust by Samarium Ore Concentrate dust
in the recipe of 'Mytryl Ore', replacing Samarium dust by Samarium Ore Concentrate dust
in the recipe of 'Rubracium Ore', replacing Samarium dust by Samarium Ore Concentrate dust
in the recipe of 'Centrifuged Samarium Ore', replacing Samarium dust by Samarium Ore Concentrate dust
in the recipe of 'Centrifuged Samarium Ore', replacing Samarium dust by Samarium Ore Concentrate dust
in the recipe of 'Samarium Ore', replacing Samarium dust by Samarium Ore Concentrate dust
in the recipe of 'Centrifuged Rubracium Ore', replacing Samarium dust by Samarium Ore Concentrate dust
in the recipe of 'Rubracium Ore', replacing Samarium dust by Samarium Ore Concentrate dust
in the recipe of 'Raw Samarium Ore', replacing Samarium dust by Samarium Ore Concentrate dust
in the recipe of 'Rubracium Ore', replacing Samarium dust by Samarium Ore Concentrate dust
in the recipe of 'Samarium Ore', replacing Samarium dust by Samarium Ore Concentrate dust
in the recipe of 'Cerium Ore', replacing Cerium dust by Cerium Rich Mixture dust
in the recipe of 'Mytryl Ore', replacing Samarium dust by Samarium Ore Concentrate dust
in the recipe of 'Purified Cerium Ore', replacing Cerium dust by Cerium Rich Mixture dust
in the recipe of 'Raw Cerium Ore', replacing Cerium dust by Cerium Rich Mixture dust
in the recipe of 'Raw Mytryl Ore', replacing Samarium dust by Samarium Ore Concentrate dust
in the recipe of 'Crushed Samarium Ore', replacing Samarium dust by Samarium Ore Concentrate dust
in the recipe of 'Samarium Ore', replacing Samarium dust by Samarium Ore Concentrate dust
in the recipe of 'Samarium Ore', replacing Samarium dust by Samarium Ore Concentrate dust
in the recipe of 'Cerium Ore', replacing Cerium dust by Cerium Rich Mixture dust
in the recipe of 'Purified Samarium Ore', replacing Samarium dust by Samarium Ore Concentrate dust
in the recipe of 'Samarium Ore', replacing Samarium dust by Samarium Ore Concentrate dust
in the recipe of 'Crushed Rubracium Ore', replacing Samarium dust by Samarium Ore Concentrate dust
in the recipe of 'Cerium Ore', replacing Cerium dust by Cerium Rich Mixture dust
in the recipe of 'Rubracium Ore', replacing Samarium dust by Samarium Ore Concentrate dust
in the recipe of 'Mytryl Ore', replacing Samarium dust by Samarium Ore Concentrate dust
in the recipe of 'Crushed Mytryl Ore', replacing Samarium dust by Samarium Ore Concentrate dust
in the recipe of 'Raw Rubracium Ore', replacing Samarium dust by Samarium Ore Concentrate dust
gtnhlanth: macerator recipes done!gtnhlanth: processing orewasher recipes
gtnhlanth: recipe with input: Crushed Rare Earth (III) Ore get Cerium dust turned into Cerium Rich Mixture dust.
gtnhlanth: recipe with input: Crushed Rare Earth (III) Ore get Cerium dust turned into Cerium Rich Mixture dust.
gtnhlanth: recipe with input: Crushed Gadolinite (Ce) Ore get Cerium dust turned into Cerium Rich Mixture dust.
gtnhlanth: recipe with input: Crushed Gadolinite (Ce) Ore get Cerium dust turned into Cerium Rich Mixture dust.
gtnhlanth: recipe with input: Crushed Florencite Ore get Samarium dust turned into Samarium Ore Concentrate dust.
gtnhlanth: recipe with input: Crushed Florencite Ore get Samarium dust turned into Samarium Ore Concentrate dust.
gtnhlanth: recipe with input: Crushed Gadolinite (Y) Ore get Cerium dust turned into Cerium Rich Mixture dust.
gtnhlanth: recipe with input: Crushed Gadolinite (Y) Ore get Cerium dust turned into Cerium Rich Mixture dust.
gtnhlanth: recipe with input: Crushed Yttrocerite Ore get Cerium dust turned into Cerium Rich Mixture dust.
gtnhlanth: recipe with input: Crushed Yttrocerite Ore get Cerium dust turned into Cerium Rich Mixture dust.
gtnhlanth: recipe with input: Crushed Cerite Ore get Cerium dust turned into Cerium Rich Mixture dust.
gtnhlanth: recipe with input: Crushed Cerite Ore get Cerium dust turned into Cerium Rich Mixture dust.
gtnhlanth: recipe with input: Crushed Lanthanite (Ce) Ore get Cerium dust turned into Cerium Rich Mixture dust.
gtnhlanth: recipe with input: Crushed Lanthanite (Ce) Ore get Cerium dust turned into Cerium Rich Mixture dust.
gtnhlanth: recipe with input: Crushed Cerium Ore get Cerium dust turned into Cerium Rich Mixture dust.
gtnhlanth: recipe with input: Crushed Cerium Ore get Cerium dust turned into Cerium Rich Mixture dust.
gtnhlanth: recipe with input: Crushed Samarium Ore get Samarium dust turned into Samarium Ore Concentrate dust.
gtnhlanth: recipe with input: Crushed Samarium Ore get Samarium dust turned into Samarium Ore Concentrate dust.
gtnhlanth: recipe with input: Crushed Rubracium Ore get Samarium dust turned into Samarium Ore Concentrate dust.
gtnhlanth: recipe with input: Crushed Rubracium Ore get Samarium dust turned into Samarium Ore Concentrate dust.
gtnhlanth: recipe with input: Crushed Mytryl Ore get Samarium dust turned into Samarium Ore Concentrate dust.
gtnhlanth: recipe with input: Crushed Mytryl Ore get Samarium dust turned into Samarium Ore Concentrate dust.
gtnhlanth: regenerating ore washer recipes
gtnhlanth: ore washer recipes done!
gtnhlanth: processing thermal centrifuge recipes
gtnhlanth: recipe with input Purified Crushed Rare Earth (III) Ore get Cerium dust turned into Cerium Rich Mixture dust.
gtnhlanth: recipe with input Purified Crushed Gadolinite (Ce) Ore get Cerium dust turned into Cerium Rich Mixture dust.
gtnhlanth: recipe with input Purified Crushed Florencite Ore get Samarium dust turned into Samarium Ore Concentrate dust.
gtnhlanth: recipe with input Purified Crushed Gadolinite (Y) Ore get Cerium dust turned into Cerium Rich Mixture dust.
gtnhlanth: recipe with input Crushed Fluorcaphite Ore get Cerium dust turned into Cerium Rich Mixture dust.
gtnhlanth: recipe with input Purified Crushed Yttrocerite Ore get Cerium dust turned into Cerium Rich Mixture dust.
gtnhlanth: recipe with input Purified Crushed Cerite Ore get Cerium dust turned into Cerium Rich Mixture dust.
gtnhlanth: recipe with input Purified Crushed Lanthanite (Ce) Ore get Cerium dust turned into Cerium Rich Mixture dust.
gtnhlanth: recipe with input Crushed Hibonite Ore get Cerium dust turned into Cerium Rich Mixture dust.
gtnhlanth: recipe with input Purified Rubracium Ore get Samarium dust turned into Samarium Ore Concentrate dust.
gtnhlanth: recipe with input Crushed Cerium Ore get Cerium dust turned into Cerium Rich Mixture dust.
gtnhlanth: recipe with input Purified Cerium Ore get Cerium dust turned into Cerium Rich Mixture dust.
gtnhlanth: recipe with input Crushed Samarium Ore get Samarium dust turned into Samarium Ore Concentrate dust.
gtnhlanth: recipe with input Purified Samarium Ore get Samarium dust turned into Samarium Ore Concentrate dust.
gtnhlanth: recipe with input Crushed Rubracium Ore get Samarium dust turned into Samarium Ore Concentrate dust.
gtnhlanth: regenerating thermal centrifuge recipes
gtnhlanth: thermal centrifuge recipes done!
gtnhlanth: processing centrifuge recipes
gtnhlanth: recipe with input oredict: dustPureRareEarthIII get Cerium dust turned into Cerium Rich Mixture dust.
gtnhlanth: recipe with input oredict: dustPureGadoliniteCe get Cerium dust turned into Cerium Rich Mixture dust.
gtnhlanth: recipe with input oredict: dustPureFlorencite get Samarium dust turned into Samarium Ore Concentrate dust.
gtnhlanth: recipe with input oredict: dustPureGadoliniteY get Cerium dust turned into Cerium Rich Mixture dust.
gtnhlanth: recipe with input oredict: dustImpureFluorcaphite get Cerium dust turned into Cerium Rich Mixture dust.
gtnhlanth: recipe with input oredict: dustPureYttrocerite get Cerium dust turned into Cerium Rich Mixture dust.
gtnhlanth: recipe with input oredict: dustPureCerite get Cerium dust turned into Cerium Rich Mixture dust.
gtnhlanth: recipe with input oredict: dustPureLanthaniteCe get Cerium dust turned into Cerium Rich Mixture dust.
gtnhlanth: recipe with input oredict: dustImpureHibonite get Cerium dust turned into Cerium Rich Mixture dust.
gtnhlanth: recipe with input oredict: dustImpureRubracium get Samarium dust turned into Samarium Ore Concentrate dust.
gtnhlanth: recipe with input oredict: dustPureCerium get Cerium dust turned into Cerium Rich Mixture dust.
gtnhlanth: recipe with input oredict: dustPureCerium get Cerium dust turned into Cerium Rich Mixture dust.
gtnhlanth: recipe with input oredict: dustImpureMytryl get Samarium dust turned into Samarium Ore Concentrate dust.
gtnhlanth: recipe with input oredict: dustImpureCerium get Cerium dust turned into Cerium Rich Mixture dust.
gtnhlanth: recipe with input oredict: dustImpureCerium get Cerium dust turned into Cerium Rich Mixture dust.
gtnhlanth: recipe with input oredict: dustPureSamarium get Samarium dust turned into Samarium Ore Concentrate dust.
gtnhlanth: recipe with input oredict: dustPureSamarium get Samarium dust turned into Samarium Ore Concentrate dust.
gtnhlanth: recipe with input oredict: dustPureRubracium get Samarium dust turned into Samarium Ore Concentrate dust.
gtnhlanth: recipe with input oredict: dustImpureSamarium get Samarium dust turned into Samarium Ore Concentrate dust.
gtnhlanth: recipe with input oredict: dustImpureSamarium get Samarium dust turned into Samarium Ore Concentrate dust.
gtnhlanth: recipe with input oredict: dustSpace get Cerium dust turned into Cerium Rich Mixture dust.
gtnhlanth: regenerating centrifuge recipes
gtnhlanth: centrifuge recipes done!
gtnhlanth: processing forge hammer recipes
gtnhlanth: recipe with input oredict: crushedCentrifugedCerium get Cerium dust turned into Cerium Rich Mixture dust.
gtnhlanth: recipe with input oredict: crushedCentrifugedSamarium get Samarium dust turned into Samarium Ore Concentrate dust.
gtnhlanth: regenerating forge hammer recipes
gtnhlanth: forge hammer recipes done!
gtnhlanth: Processing electrolyzer recipes
gtnhlanth: recipe with input oredict: dustFlorencite get Samarium dust turned into Samarium Ore Concentrate dust.
gtnhlanth: recipe with input oredict: dustZirconolite get Cerium dust turned into Cerium Rich Mixture dust.
gtnhlanth: recipe with input oredict: dustYttrocerite get Cerium dust turned into Cerium Rich Mixture dust.
gtnhlanth: recipe with input oredict: dustLanthaniteCe get Cerium dust turned into Cerium Rich Mixture dust.
gtnhlanth: recipe with input oredict: dustHibonite get Cerium dust turned into Cerium Rich Mixture dust.
gtnhlanth: recipe with input oredict: dustBastnasite get Cerium dust turned into Cerium Rich Mixture dust.
gtnhlanth: regenerating electrolyzer recipes
gtnhlanth: Electrolyzer recipe done!
gtnhlanth: processing simple washer recipes.
gtnhlanth: recipe with input oredict: dustImpureCerium get Cerium dust turned into Cerium Rich Mixture dust.
gtnhlanth: recipe with input oredict: dustPureCerium get Cerium dust turned into Cerium Rich Mixture dust.
gtnhlanth: recipe with input oredict: dustImpureSamarium get Samarium dust turned into Samarium Ore Concentrate dust.
gtnhlanth: recipe with input oredict: dustPureSamarium get Samarium dust turned into Samarium Ore Concentrate dust.
gtnhlanth: regenerating simple washer recipes
gtnhlanth: Simple washer recipes done!
gtnhlanth: processing chemical dehydrator recipes.
gtnhlanth: recipe with input oredict: dustGadoliniteCe get Cerium dust turned into Cerium Rich Mixture dust.
gtnhlanth: recipe with input oredict: dustGadoliniteY get Cerium dust turned into Cerium Rich Mixture dust.
gtnhlanth: recipe with input oredict: dustFluorcaphite get Cerium dust turned into Cerium Rich Mixture dust.
gtnhlanth: recipe with input oredict: dustPolycrase get Cerium dust turned into Cerium Rich Mixture dust.
gtnhlanth: recipe with input oredict: dustZirkelite get Cerium dust turned into Cerium Rich Mixture dust.
gtnhlanth: recipe with input oredict: dustCerite get Cerium dust turned into Cerium Rich Mixture dust.
gtnhlanth: regenerating chemical dehydrator recipes
gtnhlanth: Replace 6! gtnhlanth: chemical dehydrator recipes done!
gtnhlanth: marking recipes in chem bath for removal!
gtnhlanth: chem bath recipe with tin dust detected, removing it.
gtnhlanth: chem bath recipe with rutile dust detected, removing it.
gtnhlanth: regenerating chem bath recipes
Chemical Bath done!
gtnhlanth: processing cauldron washing recipes to replace cerium sources
gtnhlanth: processing cauldron washing recipes done!
gtnhlanth: processing crafting recipes to replace cerium sources
replacing crafting recipe of Cerium dust by Cerium Rich Mixture
replacing crafting recipe of Cerium dust by Cerium Rich Mixture
replacing crafting recipe of Cerium dust by Cerium Rich Mixture
replacing crafting recipe of Samarium dust by Samarium Ore Concentrate
replacing crafting recipe of Samarium dust by Samarium Ore Concentrate
replacing crafting recipe of Samarium dust by Samarium Ore Concentrate
replacing crafting recipe of Samarium dust by Samarium Ore Concentrate
replacing crafting recipe of Samarium dust by Samarium Ore Concentrate
replacing crafting recipe of Samarium dust by Samarium Ore Concentrate
gtnhlanth: processing crafting recipes done!
GTMod: firing FMLServerAboutToStartEvent !
GTMod: Re-Unificating Recipes.
GTMod: firing FMLServerStartingEvent !
GTMod: Unificating outputs of all known Recipe Types.
GTMod: IC2 Machines
GTMod: Dungeon Loot
GTMod: Smelting
GTMod: Crafting Recipes
GTMod: ServerStarting-Phase finished!
GTMod: Cleaning up all OreDict Crafting Recipes, which have an empty List in them, since they are never meeting any Condition.
Started assline validation
