[13:13:25] [Server thread/INFO]: Starting minecraft server version 1.7.10
[13:14:02] [Server thread/INFO]: Loading properties
[13:14:02] [Server thread/INFO]: Default game type: SURVIVAL
[13:14:02] [Server thread/INFO]: Generating keypair
[13:14:02] [Server thread/INFO]: Starting Minecraft server on 192.168.0.131:25565
[13:14:37] [Server thread/INFO]: Preparing level "World"
[13:14:38] [Server thread/INFO]: Preparing start region for level 0
[13:14:39] [Server thread/INFO]: Done (2.419s)! For help, type "help" or "?"
[13:14:44] [Server thread/INFO]: Reloaded default quest database
[13:15:51] [User Authenticator #1/INFO]: UUID of player Bow_break is 07186555-7908-4aa1-b44c-e073d5c268e4
[13:15:51] [Server thread/INFO]: Bow_break[/192.168.0.131:54094] logged in with entity id 1330 at (239.69999898807907, 65.0, 189.57868184779895)
[13:15:51] [Server thread/INFO]: Bow_break joined the game
[13:15:55] [Server thread/WARN]: Can't keep up! Did the system time change, or is the server overloaded? Running 3323ms behind, skipping 66 tick(s)
[13:20:44] [Server thread/INFO]: Bow_break fell from a high place
[13:20:46] [Server thread/WARN]: Fetching addPacket for removed entity
[13:26:30] [User Authenticator #2/INFO]: UUID of player Bliton is 8338bac0-35c5-4b01-9f98-0525cc63ddb7
[13:26:30] [Server thread/INFO]: Bliton[/91.231.66.87:52352] logged in with entity id 24838 at (227.5989471979902, 70.0, 192.91880922931833)
[13:26:30] [Server thread/INFO]: Bliton joined the game
[13:28:27] [Server thread/INFO]: <Bliton> ??? ?????? ??? ?????
[13:28:30] [Server thread/INFO]: <Bliton> ???
[13:37:03] [Server thread/INFO]: <Bliton> ?????
[13:38:44] [Server thread/INFO]: Bow_break drowned
[13:46:53] [Server thread/INFO]: <Bow_break> ?????????
[13:46:59] [Server thread/INFO]: <Bliton> ??
[13:47:00] [Server thread/INFO]: <Bow_break> ? ??? ???? ?? ?????
[13:47:04] [Server thread/INFO]: <Bow_break> ????? ?? ????
[13:48:08] [Server thread/INFO]: <Bliton> ?????
[13:48:13] [Server thread/INFO]: <Bliton> ????
[13:51:32] [Server thread/INFO]: <Bow_break> ???? ?????????
[13:51:42] [Server thread/INFO]: <Bow_break> ??? ?????? ?????????? ??????
[13:51:57] [Server thread/INFO]: <Bow_break> ??? ????? ???????
[13:53:21] [Server thread/INFO]: <Bow_break> ???? ????
[13:53:52] [Server thread/INFO]: Bow_break was slain by Bliton
[13:59:05] [Server thread/INFO]: <Bliton> ???
[13:59:48] [Server thread/INFO]: <Bow_break> ???? ??????
[14:00:56] [Server thread/INFO]: <Bliton> ?????? ????????
[14:01:01] [Server thread/INFO]: <Bliton> ??????????
[14:06:55] [Server thread/INFO]: Bow_break drowned
[14:10:26] [Server thread/INFO]: <Bliton> ???
[14:10:30] [Server thread/INFO]: <Bliton> ??????
[14:10:40] [Server thread/INFO]: <Bow_break> ???? ? ??????
[14:16:06] [Server thread/INFO]: <Bow_break> ? ???? ??????? ???????????
[14:17:08] [Server thread/INFO]: <Bliton> ? ??? ?
[14:17:36] [Server thread/INFO]: <Bow_break> ? ???? ?????
[14:18:47] [Server thread/INFO]: <Bliton> ? ??? ???? ?????
[14:18:52] [Server thread/INFO]: <Bliton> ?????
[14:19:06] [Server thread/INFO]: <Bow_break> ???
[14:25:43] [Server thread/INFO]: <Bliton> ???? ????
[14:25:58] [Server thread/INFO]: Bliton was slain by Bow_break
[14:26:00] [Server thread/WARN]: Fetching addPacket for removed entity
[14:26:00] [Server thread/WARN]: Fetching addPacket for removed entity
[14:26:00] [Server thread/WARN]: Fetching addPacket for removed entity
[14:26:00] [Server thread/WARN]: Fetching addPacket for removed entity
[14:26:32] [Server thread/INFO]: <Bow_break> ??????? ?????
[14:26:36] [Server thread/INFO]: <Bliton> ??
[14:27:01] [Server thread/INFO]: <Bow_break> ????? ?????
[14:27:04] [Server thread/INFO]: <Bliton> ??
[14:27:39] [Server thread/INFO]: Bliton was slain by Giant Zombie
[14:29:59] [Server thread/INFO]: Bow_break drowned
[14:31:02] [Server thread/INFO]: Bow_break was slain by Fire Zombie
[14:31:10] [Server thread/INFO]: Bliton was slain by Fire Zombie
[14:31:43] [Server thread/INFO]: Bow_break burned to death
[14:34:28] [Server thread/INFO]: Bliton was shot by Brutish Skeleton
[14:34:50] [Server thread/INFO]: Bow_break was slain by Brutish Zombie
[14:35:12] [Server thread/INFO]: Bliton was slain by Brutish Zombie
[14:35:16] [Server thread/INFO]: Bow_break was slain by Brutish Zombie
[14:37:17] [Server thread/INFO]: Bliton lost connection: TextComponent{text='Disconnected', siblings=[], style=Style{hasParent=false, color=null, bold=null, italic=null, underlined=null, obfuscated=null, clickEvent=null, hoverEvent=null}}
[14:37:17] [Server thread/INFO]: Bliton left the game
[14:42:23] [Server thread/INFO]: Bow_break lost connection: TextComponent{text='Disconnected', siblings=[], style=Style{hasParent=false, color=null, bold=null, italic=null, underlined=null, obfuscated=null, clickEvent=null, hoverEvent=null}}
[14:42:23] [Server thread/INFO]: Bow_break left the game
[14:42:31] [Server thread/INFO]: Saving...
[14:42:31] [Server thread/INFO]: Saved the world
