03.01.2026 05:11:15.755 - [eu.usrv.legacylootgames.LootGamesDungeonLogger][INFO] - == LootGames logger initialized ==
03.01.2026 05:11:59.633 - [eu.usrv.legacylootgames.LootGamesDungeonLogger][INFO] - PuzzleDungeon spawned at -8 58 -232 in Dimension 0
03.01.2026 05:15:14.590 - [eu.usrv.legacylootgames.LootGamesDungeonLogger][INFO] - PuzzleDungeon spawned at 216 61 -24 in Dimension 0
03.01.2026 05:15:21.369 - [eu.usrv.legacylootgames.LootGamesDungeonLogger][INFO] - PuzzleDungeon spawned at -104 51 -328 in Dimension 0
03.01.2026 05:16:13.181 - [eu.usrv.legacylootgames.LootGamesDungeonLogger][INFO] - PuzzleDungeon spawned at 328 62 -552 in Dimension 0
03.01.2026 05:16:22.304 - [eu.usrv.legacylootgames.LootGamesDungeonLogger][INFO] - PuzzleDungeon spawned at 424 92 -440 in Dimension 0
03.01.2026 05:18:52.382 - [eu.usrv.legacylootgames.LootGamesDungeonLogger][INFO] - == LootGames logger initialized ==
03.01.2026 05:19:35.783 - [eu.usrv.legacylootgames.LootGamesDungeonLogger][INFO] - PuzzleDungeon spawned at 8 113 -152 in Dimension 0
03.01.2026 05:19:37.588 - [eu.usrv.legacylootgames.LootGamesDungeonLogger][INFO] - PuzzleDungeon spawned at 216 24 56 in Dimension 0
03.01.2026 05:24:03.882 - [eu.usrv.legacylootgames.LootGamesDungeonLogger][INFO] - PuzzleDungeon spawned at 440 56 -376 in Dimension 0
03.01.2026 05:24:08.506 - [eu.usrv.legacylootgames.LootGamesDungeonLogger][INFO] - PuzzleDungeon spawned at 232 50 -584 in Dimension 0
03.01.2026 05:25:47.091 - [eu.usrv.legacylootgames.LootGamesDungeonLogger][INFO] - PuzzleDungeon spawned at 568 49 -24 in Dimension 0
03.01.2026 05:29:00.295 - [eu.usrv.legacylootgames.LootGamesDungeonLogger][INFO] - == LootGames logger initialized ==
03.01.2026 05:30:08.171 - [eu.usrv.legacylootgames.LootGamesDungeonLogger][INFO] - PuzzleDungeon spawned at -200 50 264 in Dimension 0
03.01.2026 05:30:09.269 - [eu.usrv.legacylootgames.LootGamesDungeonLogger][INFO] - PuzzleDungeon spawned at 344 105 360 in Dimension 0
03.01.2026 05:30:12.836 - [eu.usrv.legacylootgames.LootGamesDungeonLogger][INFO] - PuzzleDungeon spawned at 536 50 408 in Dimension 0
03.01.2026 05:30:14.720 - [eu.usrv.legacylootgames.LootGamesDungeonLogger][INFO] - PuzzleDungeon spawned at -392 52 -408 in Dimension 0
03.01.2026 05:42:53.847 - [eu.usrv.legacylootgames.LootGamesDungeonLogger][INFO] - PuzzleDungeon spawned at 216 48 -776 in Dimension 0
03.01.2026 05:43:59.840 - [eu.usrv.legacylootgames.LootGamesDungeonLogger][INFO] - PuzzleDungeon spawned at 776 85 -456 in Dimension 0
03.01.2026 05:59:15.891 - [eu.usrv.legacylootgames.LootGamesDungeonLogger][INFO] - PuzzleDungeon spawned at 200 77 632 in Dimension 0
03.01.2026 05:59:28.479 - [eu.usrv.legacylootgames.LootGamesDungeonLogger][INFO] - PuzzleDungeon spawned at -104 51 664 in Dimension 0
04.01.2026 01:14:00.308 - [eu.usrv.legacylootgames.LootGamesDungeonLogger][INFO] - == LootGames logger initialized ==
